
  .   ____          _            __ _ _
 /\\ / ___'_ __ _ _(_)_ __  __ _ \ \ \ \
( ( )\___ | '_ | '_| | '_ \/ _` | \ \ \ \
 \\/  ___)| |_)| | | | | || (_| |  ) ) ) )
  '  |____| .__|_| |_|_| |_\__, | / / / /
 =========|_|==============|___/=/_/_/_/

 :: Spring Boot ::                (v3.4.1)

2026-01-22T08:56:28.398Z  INFO 7274 --- [           main] com.example.llama.LlamaApplication       : Starting LlamaApplication v0.0.1-SNAPSHOT using Java 21.0.9 with PID 7274 (/root/test-hae-llama/common/build/libs/common-0.0.1-SNAPSHOT-boot.jar started by root in /root/test-hae-llama)
2026-01-22T08:56:28.404Z  INFO 7274 --- [           main] com.example.llama.LlamaApplication       : No active profile set, falling back to 1 default profile: "default"
2026-01-22T08:56:29.738Z  INFO 7274 --- [           main] c.e.l.i.io.InteractionLogger             : üìù Interaction Log started: /root/test-hae-llama/.test-hea-llama/logs/llama_interaction_20260122_085629.log
2026-01-22T08:56:30.071Z  WARN 7274 --- [           main] org.jline                                : Unable to create a system terminal, creating a dumb terminal (enable debug logging for more information)
2026-01-22T08:56:30.373Z  INFO 7274 --- [           main] com.example.llama.LlamaApplication       : Started LlamaApplication in 2.802 seconds (process running for 3.837)
2026-01-22T08:56:30.613Z  INFO 7274 --- [           main] c.e.l.a.o.AbstractPipelineOrchestrator   : üéº Orchestrator [ServiceOrchestrator] conducting: HelloService.java
2026-01-22T08:56:30.614Z  INFO 7274 --- [           main] c.e.l.a.o.AbstractPipelineOrchestrator   : üîç [Phase 1] Analyzing Source Code Metadata...
2026-01-22T08:56:30.773Z  INFO 7274 --- [           main] c.e.l.i.a.SimpleDependencyAnalyzer       : üìä Analyzing dependencies for project at: /root/test-hae-llama/sample-projects/demo-app
2026-01-22T08:56:30.773Z  INFO 7274 --- [           main] c.e.l.i.a.SimpleDependencyAnalyzer       : üêò Gradle project detected. Using gradlew at: /root/test-hae-llama/sample-projects/demo-app/gradlew
2026-01-22T08:56:39.867Z  INFO 7274 --- [           main] c.e.l.a.o.AbstractPipelineOrchestrator   : üèóÔ∏è [Phase 2] Generating Global Test Setup...
2026-01-22T08:56:39.893Z  INFO 7274 --- [           main] c.e.l.domain.service.BureaucraticAgent   : [Agent: CODER] Acting on instruction (XML Prompt)...

============================== [AUDIT LOG: CODER] ==============================
[MISSION]
PROMPT
[RESPONSE]
<prompt>
<system_instructions>
<persona>
      <role>CODER Specialist</role>
      <domain>SERVICE</domain>
      <mission><![CDATA[
  Execute specialized technical duties with artisan-level precision.
      SPECIALIZED MISSION: MISSION: Write final JUnit 5 test code.
      TECHNICAL RULES:
      1. Use @ExtendWith(MockitoExtension.class).
      2. MOCKITO MATCHERS: Never mix matchers (any(), eq()) with raw values.
      3. CRITICAL: Response MUST use strict XML format: <response><status>...</st...(truncated)
================================================================================

2026-01-22T08:56:39.897Z  INFO 7274 --- [           main] c.e.l.i.llm.GeminiLlmClient              : ======================================== [EXECUTING GEMINI CLI] ========================================
2026-01-22T08:56:39.897Z  INFO 7274 --- [           main] c.e.l.i.llm.GeminiLlmClient              : TOTAL PROMPT SIZE: 5124 chars
2026-01-22T08:56:39.897Z  INFO 7274 --- [           main] c.e.l.i.llm.GeminiLlmClient              : ====================================================================================================
2026-01-22T08:56:39.898Z  INFO 7274 --- [           main] c.e.l.i.llm.GeminiLlmClient              : üíæ Saved debug prompt to: /root/test-hae-llama/debug_gemini_prompt.xml

============================== [AUDIT LOG: CODER] ==============================
[MISSION]
RESPONSE
[RESPONSE]
YOLO mode is enabled. All tool calls will be automatically approved.
Loaded cached credentials.
YOLO mode is enabled. All tool calls will be automatically approved.
Loading extension: conductor
Loading extension: exa-mcp-server
Server 'exa' supports tool updates. Listening for changes...
Server 'exa' supports resource updates. Listening for changes...
(node:7452) MaxListenersExceededWarning: Possible EventTarget memory leak detected. 11 abort listeners added to [AbortSignal]. MaxListeners is 10....(truncated)
================================================================================

2026-01-22T08:57:18.125Z  INFO 7274 --- [           main] c.e.l.a.o.AbstractPipelineOrchestrator   : --> Setup Complete:
package com.example.demo;

import org.junit.jupiter.api.BeforeEach;
import org.junit.jupiter.api.DisplayName;
import org.junit.jupiter.api.Nested;
import org.junit.jupiter.api.extension.ExtendWith;
import org.mockito.InjectMocks;
import org.mockito.junit.jupiter.MockitoExtension;
import static org.assertj.core.api.Assertions.assertThat;

@ExtendWith(MockitoExtension.class)
@DisplayName("HelloService ÌÅ¥ÎûòÏä§")
class HelloServiceTest {

    @InjectMocks
    private HelloService helloService;

    @BeforeEach
    void setUp() {
        // HelloService Ïù∏Ïä§ÌÑ¥Ïä§ Ï¥àÍ∏∞Ìôî Î∞è Í≥µÌÜµ ÏÑ§Ï†ïÏùÑ ÏúÑÌïú Î©îÏÑúÎìúÏûÖÎãàÎã§.
    }

    @Nested
    @DisplayName("greet Î©îÏÑúÎìúÎäî")
    class Describe_greet {
        // greet Î©îÏÑúÎìúÏùò ÏÑ±Í≥µ Î∞è ÏòàÏô∏ ÏºÄÏù¥Ïä§Î•º ÌÖåÏä§Ìä∏Ìï† ÏòÅÏó≠ÏûÖÎãàÎã§.
    }

    @Nested
    @DisplayName("calculateAge Î©îÏÑúÎìúÎäî")
    class Describe_calculateAge {
        // calculateAge Î©îÏÑúÎìúÏùò Ïó∞ÏÇ∞ Î°úÏßÅ Î∞è Í≤ΩÍ≥ÑÍ∞íÏùÑ ÌÖåÏä§Ìä∏Ìï† ÏòÅÏó≠ÏûÖÎãàÎã§.
    }
}
2026-01-22T08:57:18.126Z  INFO 7274 --- [           main] c.e.l.a.o.AbstractPipelineOrchestrator   : üîÑ [Phase 3] Iterating Methods...
2026-01-22T08:57:18.126Z  INFO 7274 --- [           main] c.e.l.a.o.AbstractPipelineOrchestrator   :    -> Generating tests for method: [greet]
2026-01-22T08:57:18.136Z  INFO 7274 --- [           main] c.e.l.a.o.AbstractPipelineOrchestrator   :       Extracted Source Size: 294 characters
2026-01-22T08:57:18.137Z  INFO 7274 --- [           main] c.e.l.domain.service.BureaucraticAgent   : [Agent: CODER] Acting on instruction (XML Prompt)...

============================== [AUDIT LOG: CODER] ==============================
[MISSION]
PROMPT
[RESPONSE]
<prompt>
<system_instructions>
<persona>
      <role>CODER Specialist</role>
      <domain>SERVICE</domain>
      <mission><![CDATA[
  Execute specialized technical duties with artisan-level precision.
      SPECIALIZED MISSION: MISSION: Write final JUnit 5 test code.
      TECHNICAL RULES:
      1. Use @ExtendWith(MockitoExtension.class).
      2. MOCKITO MATCHERS: Never mix matchers (any(), eq()) with raw values.
      3. CRITICAL: Response MUST use strict XML format: <response><status>...</st...(truncated)
================================================================================

2026-01-22T08:57:18.139Z  INFO 7274 --- [           main] c.e.l.i.llm.GeminiLlmClient              : ======================================== [EXECUTING GEMINI CLI] ========================================
2026-01-22T08:57:18.139Z  INFO 7274 --- [           main] c.e.l.i.llm.GeminiLlmClient              : TOTAL PROMPT SIZE: 5976 chars
2026-01-22T08:57:18.139Z  INFO 7274 --- [           main] c.e.l.i.llm.GeminiLlmClient              : ====================================================================================================
2026-01-22T08:57:18.140Z  INFO 7274 --- [           main] c.e.l.i.llm.GeminiLlmClient              : üíæ Saved debug prompt to: /root/test-hae-llama/debug_gemini_prompt.xml
2026-01-22T08:57:54.239Z ERROR 7274 --- [           main] c.e.l.i.llm.GeminiLlmClient              : ‚ùå Gemini CLI Failed (Exit: 1): YOLO mode is enabled. All tool calls will be automatically approved.
Loaded cached credentials.
YOLO mode is enabled. All tool calls will be automatically approved.
Loading extension: conductor
Loading extension: exa-mcp-server
Server 'exa' supports tool updates. Listening for changes...
Server 'exa' supports resource updates. Listening for changes...
(node:7622) MaxListenersExceededWarning: Possible EventTarget memory leak detected. 11 abort listeners added to [AbortSignal]. MaxListeners is 10. Use events.setMaxListeners() to increase limit
(Use `node --trace-warnings ...` to show where the warning was created)
Error when talking to Gemini API Full report available at: /tmp/gemini-client-error-Turn.run-sendMessageStream-2026-01-22T08-57-54-185Z.json TerminalQuotaError: You have exhausted your capacity on this model. Your quota will reset after 13h32m1s.
    at classifyGoogleError (file:///usr/local/share/.config/yarn/global/node_modules/@google/gemini-cli-core/dist/src/utils/googleQuotaErrors.js:136:28)
    at retryWithBackoff (file:///usr/local/share/.config/yarn/global/node_modules/@google/gemini-cli-core/dist/src/utils/retry.js:130:37)
    at process.processTicksAndRejections (node:internal/process/task_queues:95:5)
    at async GeminiChat.makeApiCallAndProcessStream (file:///usr/local/share/.config/yarn/global/node_modules/@google/gemini-cli-core/dist/src/core/geminiChat.js:429:32)
    at async GeminiChat.streamWithRetries (file:///usr/local/share/.config/yarn/global/node_modules/@google/gemini-cli-core/dist/src/core/geminiChat.js:254:40)
    at async Turn.run (file:///usr/local/share/.config/yarn/global/node_modules/@google/gemini-cli-core/dist/src/core/turn.js:64:30)
    at async GeminiClient.processTurn (file:///usr/local/share/.config/yarn/global/node_modules/@google/gemini-cli-core/dist/src/core/client.js:457:26)
    at async GeminiClient.sendMessageStream (file:///usr/local/share/.config/yarn/global/node_modules/@google/gemini-cli-core/dist/src/core/client.js:553:20)
    at async file:///usr/local/share/.config/yarn/global/node_modules/@google/gemini-cli/dist/src/nonInteractiveCli.js:192:34
    at async main (file:///usr/local/share/.config/yarn/global/node_modules/@google/gemini-cli/dist/src/gemini.js:458:9) {
  cause: {
    code: 429,
    message: 'You have exhausted your capacity on this model. Your quota will reset after 13h32m1s.',
    details: [ [Object], [Object] ]
  },
  retryDelayMs: 48721885.865685
}
An unexpected critical error occurred:[object Object]


============================== [AUDIT LOG: CODER] ==============================
[MISSION]
RESPONSE
[RESPONSE]
<response><status>FAILED</status><thought>Gemini CLI execution failed.</thought><code>// Error: YOLO mode is enabled. All tool calls will be automatically approved.
Loaded cached credentials.
YOLO mode is enabled. All tool calls will be automatically approved.
Loading extension: conductor
Loading extension: exa-mcp-server
Server 'exa' supports tool updates. Listening for changes...
Server 'exa' supports resource updates. Listening for changes...
(node:7622) MaxListenersExceededWarning: Possible ...(truncated)
================================================================================

2026-01-22T08:57:54.247Z  INFO 7274 --- [           main] c.e.l.a.o.AbstractPipelineOrchestrator   :    -> Generating tests for method: [calculateAge]
2026-01-22T08:57:54.253Z  INFO 7274 --- [           main] c.e.l.a.o.AbstractPipelineOrchestrator   :       Extracted Source Size: 218 characters
2026-01-22T08:57:54.253Z  INFO 7274 --- [           main] c.e.l.domain.service.BureaucraticAgent   : [Agent: CODER] Acting on instruction (XML Prompt)...

============================== [AUDIT LOG: CODER] ==============================
[MISSION]
PROMPT
[RESPONSE]
<prompt>
<system_instructions>
<persona>
      <role>CODER Specialist</role>
      <domain>SERVICE</domain>
      <mission><![CDATA[
  Execute specialized technical duties with artisan-level precision.
      SPECIALIZED MISSION: MISSION: Write final JUnit 5 test code.
      TECHNICAL RULES:
      1. Use @ExtendWith(MockitoExtension.class).
      2. MOCKITO MATCHERS: Never mix matchers (any(), eq()) with raw values.
      3. CRITICAL: Response MUST use strict XML format: <response><status>...</st...(truncated)
================================================================================

2026-01-22T08:57:54.254Z  INFO 7274 --- [           main] c.e.l.i.llm.GeminiLlmClient              : ======================================== [EXECUTING GEMINI CLI] ========================================
2026-01-22T08:57:54.254Z  INFO 7274 --- [           main] c.e.l.i.llm.GeminiLlmClient              : TOTAL PROMPT SIZE: 5890 chars
2026-01-22T08:57:54.255Z  INFO 7274 --- [           main] c.e.l.i.llm.GeminiLlmClient              : ====================================================================================================
2026-01-22T08:57:54.255Z  INFO 7274 --- [           main] c.e.l.i.llm.GeminiLlmClient              : üíæ Saved debug prompt to: /root/test-hae-llama/debug_gemini_prompt.xml

============================== [AUDIT LOG: CODER] ==============================
[MISSION]
RESPONSE
[RESPONSE]
YOLO mode is enabled. All tool calls will be automatically approved.
Loaded cached credentials.
YOLO mode is enabled. All tool calls will be automatically approved.
Loading extension: conductor
Loading extension: exa-mcp-server
Server 'exa' supports tool updates. Listening for changes...
Server 'exa' supports resource updates. Listening for changes...
(node:7906) MaxListenersExceededWarning: Possible EventTarget memory leak detected. 11 abort listeners added to [AbortSignal]. MaxListeners is 10....(truncated)
================================================================================

2026-01-22T08:59:15.807Z  INFO 7274 --- [           main] c.e.l.a.o.AbstractPipelineOrchestrator   : üß© [Phase 4] Assembling Code...
2026-01-22T08:59:15.817Z ERROR 7274 --- [           main] c.e.l.a.o.AbstractPipelineOrchestrator   : JavaParser merge failed, falling back to naive merge: Lexical error at line 5, column 6.  Encountered: "`" (96), after : ""
Problem stacktrace : 
  com.github.javaparser.GeneratedJavaParserTokenManager.getNextToken(GeneratedJavaParserTokenManager.java:3132)
  com.github.javaparser.GeneratedJavaParser.getNextToken(GeneratedJavaParser.java:14365)
  com.github.javaparser.GeneratedJavaParserBase.recover(GeneratedJavaParserBase.java:196)
  com.github.javaparser.GeneratedJavaParser.CompilationUnit(GeneratedJavaParser.java:213)
  com.github.javaparser.JavaParser.parse(JavaParser.java:125)
  com.github.javaparser.JavaParser.parse(JavaParser.java:297)
  com.github.javaparser.JavaParserAdapter.parse(JavaParserAdapter.java:104)
  com.github.javaparser.StaticJavaParser.parse(StaticJavaParser.java:257)
  com.example.llama.application.orchestrator.AbstractPipelineOrchestrator.mergeSetupAndTests(AbstractPipelineOrchestrator.java:201)
  com.example.llama.application.orchestrator.AbstractPipelineOrchestrator.orchestrate(AbstractPipelineOrchestrator.java:164)
  com.example.llama.application.BureaucracyOrchestrator.orchestrate(BureaucracyOrchestrator.java:36)
  com.example.llama.interfaces.shell.GenerateCommand.generate(GenerateCommand.java:53)
  java.base/jdk.internal.reflect.DirectMethodHandleAccessor.invoke(DirectMethodHandleAccessor.java:103)
  java.base/java.lang.reflect.Method.invoke(Method.java:580)
  org.springframework.shell.command.invocation.InvocableShellMethod.doInvoke(InvocableShellMethod.java:306)
  org.springframework.shell.command.invocation.InvocableShellMethod.invoke(InvocableShellMethod.java:232)
  org.springframework.shell.command.CommandExecution$DefaultCommandExecution.evaluate(CommandExecution.java:227)
  org.springframework.shell.Shell.evaluate(Shell.java:248)
  org.springframework.shell.Shell.run(Shell.java:159)
  org.springframework.shell.jline.NonInteractiveShellRunner.run(NonInteractiveShellRunner.java:146)
  org.springframework.shell.DefaultShellApplicationRunner.run(DefaultShellApplicationRunner.java:65)
  org.springframework.boot.SpringApplication.lambda$callRunner$4(SpringApplication.java:784)
  org.springframework.util.function.ThrowingConsumer$1.acceptWithException(ThrowingConsumer.java:82)
  org.springframework.util.function.ThrowingConsumer.accept(ThrowingConsumer.java:60)
  org.springframework.util.function.ThrowingConsumer$1.accept(ThrowingConsumer.java:86)
  org.springframework.boot.SpringApplication.callRunner(SpringApplication.java:796)
  org.springframework.boot.SpringApplication.callRunner(SpringApplication.java:784)
  org.springframework.boot.SpringApplication.lambda$callRunners$3(SpringApplication.java:772)
  java.base/java.util.stream.ForEachOps$ForEachOp$OfRef.accept(ForEachOps.java:184)
  java.base/java.util.stream.SortedOps$SizedRefSortingSink.end(SortedOps.java:357)
  java.base/java.util.stream.AbstractPipeline.copyInto(AbstractPipeline.java:510)
  java.base/java.util.stream.AbstractPipeline.wrapAndCopyInto(AbstractPipeline.java:499)
  java.base/java.util.stream.ForEachOps$ForEachOp.evaluateSequential(ForEachOps.java:151)
  java.base/java.util.stream.ForEachOps$ForEachOp$OfRef.evaluateSequential(ForEachOps.java:174)
  java.base/java.util.stream.AbstractPipeline.evaluate(AbstractPipeline.java:234)
  java.base/java.util.stream.ReferencePipeline.forEach(ReferencePipeline.java:596)
  org.springframework.boot.SpringApplication.callRunners(SpringApplication.java:772)
  org.springframework.boot.SpringApplication.run(SpringApplication.java:325)
  org.springframework.boot.SpringApplication.run(SpringApplication.java:1361)
  org.springframework.boot.SpringApplication.run(SpringApplication.java:1350)
  com.example.llama.LlamaApplication.main(LlamaApplication.java:12)
  java.base/jdk.internal.reflect.DirectMethodHandleAccessor.invoke(DirectMethodHandleAccessor.java:103)
  java.base/java.lang.reflect.Method.invoke(Method.java:580)
  org.springframework.boot.loader.launch.Launcher.launch(Launcher.java:102)
  org.springframework.boot.loader.launch.Launcher.launch(Launcher.java:64)
  org.springframework.boot.loader.launch.JarLauncher.main(JarLauncher.java:40)

2026-01-22T08:59:15.846Z  INFO 7274 --- [           main] c.e.l.i.io.FileSystemCodeWriter          : üíæ Saved generated test to: /root/test-hae-llama/sample-projects/demo-app/src/test/java/com/example/demo/HelloServiceTest.java
2026-01-22T08:59:15.847Z  INFO 7274 --- [           main] c.e.l.i.e.GradleProcessTestRunner        : üöÄ Executing test: com.example.demo.HelloServiceTest in /root/test-hae-llama/sample-projects/demo-app
2026-01-22T08:59:22.217Z  INFO 7274 --- [           main] c.e.l.i.e.GradleProcessTestRunner        : Test execution finished. Success: false
2026-01-22T08:59:22.218Z  WARN 7274 --- [           main] c.e.l.interfaces.shell.GenerateCommand   : ‚ùå Test Verification Failed (Attempt 1/3). Initiating Repair...
2026-01-22T08:59:22.221Z  WARN 7274 --- [           main] c.e.l.interfaces.shell.GenerateCommand   : Error Sample: > Task :compileJava UP-TO-DATE
> Task :processResources NO-SOURCE
> Task :classes UP-TO-DATE

> Task :compileTestJava FAILED
2026-01-22T08:59:22.221Z  INFO 7274 --- [           main] c.e.l.a.o.AbstractPipelineOrchestrator   : üöë [Phase 5] Auto-Repairing: HelloService.java
2026-01-22T09:00:00.043Z  INFO 7274 --- [           main] c.e.l.i.io.FileSystemCodeWriter          : üíæ Saved generated test to: /root/test-hae-llama/sample-projects/demo-app/src/test/java/com/example/demo/HelloServiceTest.java
2026-01-22T09:00:00.043Z  INFO 7274 --- [           main] c.e.l.i.e.GradleProcessTestRunner        : üöÄ Executing test: com.example.demo.HelloServiceTest in /root/test-hae-llama/sample-projects/demo-app
2026-01-22T09:00:03.647Z  INFO 7274 --- [           main] c.e.l.i.e.GradleProcessTestRunner        : Test execution finished. Success: false
2026-01-22T09:00:03.647Z  WARN 7274 --- [           main] c.e.l.interfaces.shell.GenerateCommand   : ‚ùå Test Verification Failed (Attempt 2/3). Initiating Repair...
2026-01-22T09:00:03.647Z  WARN 7274 --- [           main] c.e.l.interfaces.shell.GenerateCommand   : Error Sample: > Task :compileJava UP-TO-DATE
> Task :processResources NO-SOURCE
> Task :classes UP-TO-DATE

> Task :compileTestJava FAILED
2026-01-22T09:00:03.647Z  INFO 7274 --- [           main] c.e.l.a.o.AbstractPipelineOrchestrator   : üöë [Phase 5] Auto-Repairing: HelloService.java
2026-01-22T09:00:23.147Z  INFO 7274 --- [           main] c.e.l.i.io.FileSystemCodeWriter          : üíæ Saved generated test to: /root/test-hae-llama/sample-projects/demo-app/src/test/java/com/example/demo/HelloServiceTest.java
2026-01-22T09:00:23.148Z  INFO 7274 --- [           main] c.e.l.i.e.GradleProcessTestRunner        : üöÄ Executing test: com.example.demo.HelloServiceTest in /root/test-hae-llama/sample-projects/demo-app
2026-01-22T09:00:27.258Z  INFO 7274 --- [           main] c.e.l.i.e.GradleProcessTestRunner        : Test execution finished. Success: false
2026-01-22T09:00:27.258Z  WARN 7274 --- [           main] c.e.l.interfaces.shell.GenerateCommand   : ‚ùå Test Verification Failed (Attempt 3/3). Initiating Repair...
2026-01-22T09:00:27.258Z  WARN 7274 --- [           main] c.e.l.interfaces.shell.GenerateCommand   : Error Sample: > Task :compileJava UP-TO-DATE
> Task :processResources NO-SOURCE
> Task :classes UP-TO-DATE

> Task :compileTestJava FAILED
2026-01-22T09:00:27.258Z  INFO 7274 --- [           main] c.e.l.a.o.AbstractPipelineOrchestrator   : üöë [Phase 5] Auto-Repairing: HelloService.java
2026-01-22T09:00:48.050Z  INFO 7274 --- [           main] c.e.l.i.io.FileSystemCodeWriter          : üíæ Saved generated test to: /root/test-hae-llama/sample-projects/demo-app/src/test/java/com/example/demo/HelloServiceTest.java
2026-01-22T09:00:48.050Z  INFO 7274 --- [           main] c.e.l.interfaces.shell.GenerateCommand   : üèÅ Test generation process complete for HelloService.java
