
  .   ____          _            __ _ _
 /\\ / ___'_ __ _ _(_)_ __  __ _ \ \ \ \
( ( )\___ | '_ | '_| | '_ \/ _` | \ \ \ \
 \\/  ___)| |_)| | | | | || (_| |  ) ) ) )
  '  |____| .__|_| |_|_| |_\__, | / / / /
 =========|_|==============|___/=/_/_/_/

 :: Spring Boot ::                (v3.4.1)

2026-01-22T07:27:38.057Z  INFO 28135 --- [           main] com.example.llama.LlamaApplication       : Starting LlamaApplication v0.0.1-SNAPSHOT using Java 21.0.9 with PID 28135 (/root/test-hae-llama/common/build/libs/common-0.0.1-SNAPSHOT-boot.jar started by root in /root/test-hae-llama)
2026-01-22T07:27:38.062Z  INFO 28135 --- [           main] com.example.llama.LlamaApplication       : No active profile set, falling back to 1 default profile: "default"
2026-01-22T07:27:39.424Z  INFO 28135 --- [           main] c.e.l.i.io.InteractionLogger             : ğŸ“ Interaction Log started: /root/test-hae-llama/.test-hea-llama/logs/llama_interaction_20260122_072739.log
2026-01-22T07:27:39.755Z  WARN 28135 --- [           main] org.jline                                : Unable to create a system terminal, creating a dumb terminal (enable debug logging for more information)
2026-01-22T07:27:40.062Z  INFO 28135 --- [           main] com.example.llama.LlamaApplication       : Started LlamaApplication in 2.82 seconds (process running for 3.706)
2026-01-22T07:27:40.313Z  INFO 28135 --- [           main] c.e.l.a.o.AbstractPipelineOrchestrator   : ğŸ¼ Orchestrator [ServiceOrchestrator] conducting: NotificationHistoryRepositoryImpl.java
2026-01-22T07:27:40.314Z  INFO 28135 --- [           main] c.e.l.a.o.AbstractPipelineOrchestrator   : ğŸ” [Phase 1] Analyzing Source Code Metadata...
2026-01-22T07:27:40.464Z  INFO 28135 --- [           main] c.e.l.i.a.SimpleDependencyAnalyzer       : ğŸ“Š Analyzing dependencies for project at: /root/test-hae-llama/sample-projects/demo-app
2026-01-22T07:27:40.464Z  INFO 28135 --- [           main] c.e.l.i.a.SimpleDependencyAnalyzer       : ğŸ˜ Gradle project detected. Using gradlew at: /root/test-hae-llama/sample-projects/demo-app/gradlew
2026-01-22T07:27:42.469Z  INFO 28135 --- [           main] c.e.l.a.o.AbstractPipelineOrchestrator   : ğŸ—ï¸ [Phase 2] Generating Global Test Setup...
2026-01-22T07:27:42.485Z  INFO 28135 --- [           main] c.e.l.domain.service.BureaucraticAgent   : [Agent: CODER] Acting on instruction (XML Prompt)...

============================== [AUDIT LOG: CODER] ==============================
[MISSION]
PROMPT
[RESPONSE]
<prompt>
<system_instructions>
<persona>
      <role>CODER Specialist</role>
      <domain>SERVICE</domain>
      <mission><![CDATA[
  Execute specialized technical duties with artisan-level precision.
      SPECIALIZED MISSION: MISSION: Write final JUnit 5 test code.
      TECHNICAL RULES:
      1. Use @ExtendWith(MockitoExtension.class).
      2. MOCKITO MATCHERS: Never mix matchers (any(), eq()) with raw values.
      3. CRITICAL: Response MUST use strict XML format: <response><status>...</st...(truncated)
================================================================================

2026-01-22T07:27:42.489Z  INFO 28135 --- [           main] c.e.l.i.llm.GeminiLlmClient              : ======================================== [EXECUTING GEMINI CLI] ========================================
2026-01-22T07:27:42.489Z  INFO 28135 --- [           main] c.e.l.i.llm.GeminiLlmClient              : TOTAL PROMPT SIZE: 5608 chars
2026-01-22T07:27:42.489Z  INFO 28135 --- [           main] c.e.l.i.llm.GeminiLlmClient              : ====================================================================================================
2026-01-22T07:27:42.490Z  INFO 28135 --- [           main] c.e.l.i.llm.GeminiLlmClient              : ğŸ’¾ Saved debug prompt to: /root/test-hae-llama/debug_gemini_prompt.xml

============================== [AUDIT LOG: CODER] ==============================
[MISSION]
RESPONSE
[RESPONSE]
Loaded cached credentials.
Loading extension: conductor
Loading extension: exa-mcp-server
Server 'exa' supports tool updates. Listening for changes...
Server 'exa' supports resource updates. Listening for changes...
(node:28223) MaxListenersExceededWarning: Possible EventTarget memory leak detected. 11 abort listeners added to [AbortSignal]. MaxListeners is 10. Use events.setMaxListeners() to increase limit
(Use `node --trace-warnings ...` to show where the warning was created)
<response>
<statu...(truncated)
================================================================================

2026-01-22T07:28:55.444Z  INFO 28135 --- [           main] c.e.l.a.o.AbstractPipelineOrchestrator   : --> Setup Complete:
Loaded cached credentials.
Loading extension: conductor
Loading extension: exa-mcp-server
Server 'exa' supports tool updates. Listening for changes...
Server 'exa' supports resource updates. Listening for changes...
(node:28223) MaxListenersExceededWarning: Possible EventTarget memory leak detected. 11 abort listeners added to [AbortSignal]. MaxListeners is 10. Use events.setMaxListeners() to increase limit
(Use `node --trace-warnings ...` to show where the warning was created)
<response>
<status>SUCCESS</status>
<thought>
NotificationHistoryRepositoryImpl í´ë˜ìŠ¤ì— ëŒ€í•œ JUnit 5 ê¸°ë°˜ì˜ í…ŒìŠ¤íŠ¸ í´ë˜ìŠ¤ ìŠ¤ì¼ˆë ˆí†¤ì„ ìƒì„±í•©ë‹ˆë‹¤. MockitoExtensionì„ í™•ì¥í•˜ê³ , @InjectMocksë¥¼ ì‚¬ìš©í•˜ì—¬ í…ŒìŠ¤íŠ¸ ëŒ€ìƒ í´ë˜ìŠ¤ë¥¼ ì´ˆê¸°í™”í•©ë‹ˆë‹¤. ëª…ì„¸ì— ë”°ë¼ @Nested êµ¬ì¡°ë¥¼ ì‚¬ìš©í•˜ì—¬ ë©”ì„œë“œë³„ í…ŒìŠ¤íŠ¸ ê·¸ë£¹ì„ êµ¬ì„±í•˜ê³ , @DisplayNameì„ í†µí•´ í•œêµ­ì–´ ì„¤ëª…ì„ ì¶”ê°€í•©ë‹ˆë‹¤.
</thought>
<code><![CDATA[
package com.example.demo.repository.impl;

import org.junit.jupiter.api.BeforeEach;
import org.junit.jupiter.api.DisplayName;
import org.junit.jupiter.api.Nested;
import org.junit.jupiter.api.extension.ExtendWith;
import org.mockito.InjectMocks;
import org.mockito.junit.jupiter.MockitoExtension;

/**
 * {@link NotificationHistoryRepositoryImpl}ì˜ ë¹„ì¦ˆë‹ˆìŠ¤ ë¡œì§ì„ ê²€ì¦í•˜ê¸° ìœ„í•œ ë‹¨ìœ„ í…ŒìŠ¤íŠ¸ í´ë˜ìŠ¤ì…ë‹ˆë‹¤.
 */
@ExtendWith(MockitoExtension.class)
@DisplayName("NotificationHistoryRepositoryImpl ìœ ë‹› í…ŒìŠ¤íŠ¸")
class NotificationHistoryRepositoryImplTest {

    @InjectMocks
    private NotificationHistoryRepositoryImpl notificationHistoryRepositoryImpl;

    @BeforeEach
    void setUp() {
        // given: í…ŒìŠ¤íŠ¸ ìˆ˜í–‰ ì „ í•„ìš”í•œ ê³µí†µ ê°ì²´ë‚˜ ìƒíƒœë¥¼ ì´ˆê¸°í™”í•©ë‹ˆë‹¤.
    }

    @Nested
    @DisplayName("save ë©”ì„œë“œëŠ”")
    class Describe_save {

        @Nested
        @DisplayName("ì‚¬ìš©ì IDì™€ ë©”ì‹œì§€ ë° ìƒíƒœê°€ ì£¼ì–´ì§€ë©´")
        class Context_with_valid_inputs {

            @BeforeEach
            void setUp() {
                // given: í…ŒìŠ¤íŠ¸ì— í•„ìš”í•œ ì…ë ¥ ë°ì´í„°ë¥¼ ì¤€ë¹„í•©ë‹ˆë‹¤.
            }

            // TODO: ì•Œë¦¼ ë‚´ì—­ ì €ì¥ ë¡œì§ ê²€ì¦ í…ŒìŠ¤íŠ¸ ë©”ì„œë“œ ì¶”ê°€ ì˜ˆì •
        }
    }
}
]]></code>
</response>

2026-01-22T07:28:55.445Z  INFO 28135 --- [           main] c.e.l.a.o.AbstractPipelineOrchestrator   : ğŸ”„ [Phase 3] Iterating Methods...
2026-01-22T07:28:55.445Z  INFO 28135 --- [           main] c.e.l.a.o.AbstractPipelineOrchestrator   :    -> Generating tests for method: [save]
2026-01-22T07:28:55.454Z  INFO 28135 --- [           main] c.e.l.a.o.AbstractPipelineOrchestrator   :       Extracted Source Size: 153 characters
2026-01-22T07:28:55.454Z  INFO 28135 --- [           main] c.e.l.domain.service.BureaucraticAgent   : [Agent: CODER] Acting on instruction (XML Prompt)...

============================== [AUDIT LOG: CODER] ==============================
[MISSION]
PROMPT
[RESPONSE]
<prompt>
<system_instructions>
<persona>
      <role>CODER Specialist</role>
      <domain>SERVICE</domain>
      <mission><![CDATA[
  Execute specialized technical duties with artisan-level precision.
      SPECIALIZED MISSION: MISSION: Write final JUnit 5 test code.
      TECHNICAL RULES:
      1. Use @ExtendWith(MockitoExtension.class).
      2. MOCKITO MATCHERS: Never mix matchers (any(), eq()) with raw values.
      3. CRITICAL: Response MUST use strict XML format: <response><status>...</st...(truncated)
================================================================================

2026-01-22T07:28:55.456Z  INFO 28135 --- [           main] c.e.l.i.llm.GeminiLlmClient              : ======================================== [EXECUTING GEMINI CLI] ========================================
2026-01-22T07:28:55.456Z  INFO 28135 --- [           main] c.e.l.i.llm.GeminiLlmClient              : TOTAL PROMPT SIZE: 6265 chars
2026-01-22T07:28:55.456Z  INFO 28135 --- [           main] c.e.l.i.llm.GeminiLlmClient              : ====================================================================================================
2026-01-22T07:28:55.459Z  INFO 28135 --- [           main] c.e.l.i.llm.GeminiLlmClient              : ğŸ’¾ Saved debug prompt to: /root/test-hae-llama/debug_gemini_prompt.xml

============================== [AUDIT LOG: CODER] ==============================
[MISSION]
RESPONSE
[RESPONSE]
Loaded cached credentials.
Loading extension: conductor
Loading extension: exa-mcp-server
Server 'exa' supports tool updates. Listening for changes...
Server 'exa' supports resource updates. Listening for changes...
(node:28420) MaxListenersExceededWarning: Possible EventTarget memory leak detected. 11 abort listeners added to [AbortSignal]. MaxListeners is 10. Use events.setMaxListeners() to increase limit
(Use `node --trace-warnings ...` to show where the warning was created)
<response>
<statu...(truncated)
================================================================================

2026-01-22T07:30:12.099Z  INFO 28135 --- [           main] c.e.l.a.o.AbstractPipelineOrchestrator   : ğŸ§© [Phase 4] Assembling Code...
2026-01-22T07:30:12.103Z ERROR 28135 --- [           main] c.e.l.a.o.AbstractPipelineOrchestrator   : JavaParser merge failed, falling back to naive merge: Lexical error at line 4, column 10.  Encountered: "x" (120), after : "\'e"
Problem stacktrace : 
  com.github.javaparser.GeneratedJavaParserTokenManager.getNextToken(GeneratedJavaParserTokenManager.java:3132)
  com.github.javaparser.GeneratedJavaParser.getNextToken(GeneratedJavaParser.java:14365)
  com.github.javaparser.GeneratedJavaParserBase.recover(GeneratedJavaParserBase.java:196)
  com.github.javaparser.GeneratedJavaParser.CompilationUnit(GeneratedJavaParser.java:213)
  com.github.javaparser.JavaParser.parse(JavaParser.java:125)
  com.github.javaparser.JavaParser.parse(JavaParser.java:297)
  com.github.javaparser.JavaParserAdapter.parse(JavaParserAdapter.java:104)
  com.github.javaparser.StaticJavaParser.parse(StaticJavaParser.java:257)
  com.example.llama.application.orchestrator.AbstractPipelineOrchestrator.mergeSetupAndTests(AbstractPipelineOrchestrator.java:179)
  com.example.llama.application.orchestrator.AbstractPipelineOrchestrator.orchestrate(AbstractPipelineOrchestrator.java:137)
  com.example.llama.application.BureaucracyOrchestrator.orchestrate(BureaucracyOrchestrator.java:36)
  com.example.llama.interfaces.shell.GenerateCommand.generate(GenerateCommand.java:53)
  java.base/jdk.internal.reflect.DirectMethodHandleAccessor.invoke(DirectMethodHandleAccessor.java:103)
  java.base/java.lang.reflect.Method.invoke(Method.java:580)
  org.springframework.shell.command.invocation.InvocableShellMethod.doInvoke(InvocableShellMethod.java:306)
  org.springframework.shell.command.invocation.InvocableShellMethod.invoke(InvocableShellMethod.java:232)
  org.springframework.shell.command.CommandExecution$DefaultCommandExecution.evaluate(CommandExecution.java:227)
  org.springframework.shell.Shell.evaluate(Shell.java:248)
  org.springframework.shell.Shell.run(Shell.java:159)
  org.springframework.shell.jline.NonInteractiveShellRunner.run(NonInteractiveShellRunner.java:146)
  org.springframework.shell.DefaultShellApplicationRunner.run(DefaultShellApplicationRunner.java:65)
  org.springframework.boot.SpringApplication.lambda$callRunner$4(SpringApplication.java:784)
  org.springframework.util.function.ThrowingConsumer$1.acceptWithException(ThrowingConsumer.java:82)
  org.springframework.util.function.ThrowingConsumer.accept(ThrowingConsumer.java:60)
  org.springframework.util.function.ThrowingConsumer$1.accept(ThrowingConsumer.java:86)
  org.springframework.boot.SpringApplication.callRunner(SpringApplication.java:796)
  org.springframework.boot.SpringApplication.callRunner(SpringApplication.java:784)
  org.springframework.boot.SpringApplication.lambda$callRunners$3(SpringApplication.java:772)
  java.base/java.util.stream.ForEachOps$ForEachOp$OfRef.accept(ForEachOps.java:184)
  java.base/java.util.stream.SortedOps$SizedRefSortingSink.end(SortedOps.java:357)
  java.base/java.util.stream.AbstractPipeline.copyInto(AbstractPipeline.java:510)
  java.base/java.util.stream.AbstractPipeline.wrapAndCopyInto(AbstractPipeline.java:499)
  java.base/java.util.stream.ForEachOps$ForEachOp.evaluateSequential(ForEachOps.java:151)
  java.base/java.util.stream.ForEachOps$ForEachOp$OfRef.evaluateSequential(ForEachOps.java:174)
  java.base/java.util.stream.AbstractPipeline.evaluate(AbstractPipeline.java:234)
  java.base/java.util.stream.ReferencePipeline.forEach(ReferencePipeline.java:596)
  org.springframework.boot.SpringApplication.callRunners(SpringApplication.java:772)
  org.springframework.boot.SpringApplication.run(SpringApplication.java:325)
  org.springframework.boot.SpringApplication.run(SpringApplication.java:1361)
  org.springframework.boot.SpringApplication.run(SpringApplication.java:1350)
  com.example.llama.LlamaApplication.main(LlamaApplication.java:12)
  java.base/jdk.internal.reflect.DirectMethodHandleAccessor.invoke(DirectMethodHandleAccessor.java:103)
  java.base/java.lang.reflect.Method.invoke(Method.java:580)
  org.springframework.boot.loader.launch.Launcher.launch(Launcher.java:102)
  org.springframework.boot.loader.launch.Launcher.launch(Launcher.java:64)
  org.springframework.boot.loader.launch.JarLauncher.main(JarLauncher.java:40)

2026-01-22T07:30:12.141Z  INFO 28135 --- [           main] c.e.l.i.io.FileSystemCodeWriter          : ğŸ’¾ Saved generated test to: /root/test-hae-llama/sample-projects/demo-app/src/test/java/com/example/demo/repository/impl/NotificationHistoryRepositoryImplTest.java
2026-01-22T07:30:12.141Z  INFO 28135 --- [           main] c.e.l.i.e.GradleProcessTestRunner        : ğŸš€ Executing test: com.example.demo.repository.impl.NotificationHistoryRepositoryImplTest in /root/test-hae-llama/sample-projects/demo-app
2026-01-22T07:30:41.939Z  INFO 28135 --- [           main] c.e.l.i.e.GradleProcessTestRunner        : Test execution finished. Success: false
2026-01-22T07:30:41.941Z  WARN 28135 --- [           main] c.e.l.interfaces.shell.GenerateCommand   : âŒ Test Verification Failed (Attempt 1/3). Initiating Repair...
2026-01-22T07:30:41.946Z  WARN 28135 --- [           main] c.e.l.interfaces.shell.GenerateCommand   : Error Sample: > Task :compileJava UP-TO-DATE
> Task :processResources NO-SOURCE
> Task :classes UP-TO-DATE

> Task :compileTestJava FAILED
2026-01-22T07:30:41.946Z  INFO 28135 --- [           main] c.e.l.a.o.AbstractPipelineOrchestrator   : ğŸš‘ [Phase 5] Auto-Repairing: NotificationHistoryRepositoryImpl.java
2026-01-22T07:31:03.149Z  INFO 28135 --- [           main] c.e.l.i.io.FileSystemCodeWriter          : ğŸ’¾ Saved generated test to: /root/test-hae-llama/sample-projects/demo-app/src/test/java/com/example/demo/repository/impl/NotificationHistoryRepositoryImplTest.java
2026-01-22T07:31:03.150Z  INFO 28135 --- [           main] c.e.l.i.e.GradleProcessTestRunner        : ğŸš€ Executing test: com.example.demo.repository.impl.NotificationHistoryRepositoryImplTest in /root/test-hae-llama/sample-projects/demo-app
2026-01-22T07:31:06.749Z  INFO 28135 --- [           main] c.e.l.i.e.GradleProcessTestRunner        : Test execution finished. Success: false
2026-01-22T07:31:06.750Z  WARN 28135 --- [           main] c.e.l.interfaces.shell.GenerateCommand   : âŒ Test Verification Failed (Attempt 2/3). Initiating Repair...
2026-01-22T07:31:06.750Z  WARN 28135 --- [           main] c.e.l.interfaces.shell.GenerateCommand   : Error Sample: > Task :compileJava UP-TO-DATE
> Task :processResources NO-SOURCE
> Task :classes UP-TO-DATE

> Task :compileTestJava FAILED
2026-01-22T07:31:06.750Z  INFO 28135 --- [           main] c.e.l.a.o.AbstractPipelineOrchestrator   : ğŸš‘ [Phase 5] Auto-Repairing: NotificationHistoryRepositoryImpl.java
2026-01-22T07:31:58.001Z  INFO 28135 --- [           main] c.e.l.i.io.FileSystemCodeWriter          : ğŸ’¾ Saved generated test to: /root/test-hae-llama/sample-projects/demo-app/src/test/java/com/example/demo/repository/impl/NotificationHistoryRepositoryImplTest.java
2026-01-22T07:31:58.002Z  INFO 28135 --- [           main] c.e.l.i.e.GradleProcessTestRunner        : ğŸš€ Executing test: com.example.demo.repository.impl.NotificationHistoryRepositoryImplTest in /root/test-hae-llama/sample-projects/demo-app
2026-01-22T07:32:01.392Z  INFO 28135 --- [           main] c.e.l.i.e.GradleProcessTestRunner        : Test execution finished. Success: false
2026-01-22T07:32:01.392Z  WARN 28135 --- [           main] c.e.l.interfaces.shell.GenerateCommand   : âŒ Test Verification Failed (Attempt 3/3). Initiating Repair...
2026-01-22T07:32:01.393Z  WARN 28135 --- [           main] c.e.l.interfaces.shell.GenerateCommand   : Error Sample: > Task :compileJava UP-TO-DATE
> Task :processResources NO-SOURCE
> Task :classes UP-TO-DATE

> Task :compileTestJava FAILED
2026-01-22T07:32:01.393Z  INFO 28135 --- [           main] c.e.l.a.o.AbstractPipelineOrchestrator   : ğŸš‘ [Phase 5] Auto-Repairing: NotificationHistoryRepositoryImpl.java
2026-01-22T07:32:39.670Z  INFO 28135 --- [           main] c.e.l.i.io.FileSystemCodeWriter          : ğŸ’¾ Saved generated test to: /root/test-hae-llama/sample-projects/demo-app/src/test/java/com/example/demo/repository/impl/NotificationHistoryRepositoryImplTest.java
2026-01-22T07:32:39.671Z  INFO 28135 --- [           main] c.e.l.interfaces.shell.GenerateCommand   : ğŸ Test generation process complete for NotificationHistoryRepositoryImpl.java
