
  .   ____          _            __ _ _
 /\\ / ___'_ __ _ _(_)_ __  __ _ \ \ \ \
( ( )\___ | '_ | '_| | '_ \/ _` | \ \ \ \
 \\/  ___)| |_)| | | | | || (_| |  ) ) ) )
  '  |____| .__|_| |_|_| |_\__, | / / / /
 =========|_|==============|___/=/_/_/_/

 :: Spring Boot ::                (v3.4.1)

2026-01-22T07:32:41.631Z  INFO 29436 --- [           main] com.example.llama.LlamaApplication       : Starting LlamaApplication v0.0.1-SNAPSHOT using Java 21.0.9 with PID 29436 (/root/test-hae-llama/common/build/libs/common-0.0.1-SNAPSHOT-boot.jar started by root in /root/test-hae-llama)
2026-01-22T07:32:41.635Z  INFO 29436 --- [           main] com.example.llama.LlamaApplication       : No active profile set, falling back to 1 default profile: "default"
2026-01-22T07:32:43.028Z  INFO 29436 --- [           main] c.e.l.i.io.InteractionLogger             : ğŸ“ Interaction Log started: /root/test-hae-llama/.test-hea-llama/logs/llama_interaction_20260122_073243.log
2026-01-22T07:32:43.389Z  WARN 29436 --- [           main] org.jline                                : Unable to create a system terminal, creating a dumb terminal (enable debug logging for more information)
2026-01-22T07:32:43.712Z  INFO 29436 --- [           main] com.example.llama.LlamaApplication       : Started LlamaApplication in 2.917 seconds (process running for 3.82)
2026-01-22T07:32:43.946Z  INFO 29436 --- [           main] c.e.l.a.o.AbstractPipelineOrchestrator   : ğŸ¼ Orchestrator [ServiceOrchestrator] conducting: PaymentRepositoryImpl.java
2026-01-22T07:32:43.946Z  INFO 29436 --- [           main] c.e.l.a.o.AbstractPipelineOrchestrator   : ğŸ” [Phase 1] Analyzing Source Code Metadata...
2026-01-22T07:32:44.116Z  INFO 29436 --- [           main] c.e.l.i.a.SimpleDependencyAnalyzer       : ğŸ“Š Analyzing dependencies for project at: /root/test-hae-llama/sample-projects/demo-app
2026-01-22T07:32:44.116Z  INFO 29436 --- [           main] c.e.l.i.a.SimpleDependencyAnalyzer       : ğŸ˜ Gradle project detected. Using gradlew at: /root/test-hae-llama/sample-projects/demo-app/gradlew
2026-01-22T07:32:46.093Z  INFO 29436 --- [           main] c.e.l.a.o.AbstractPipelineOrchestrator   : ğŸ—ï¸ [Phase 2] Generating Global Test Setup...
2026-01-22T07:32:46.110Z  INFO 29436 --- [           main] c.e.l.domain.service.BureaucraticAgent   : [Agent: CODER] Acting on instruction (XML Prompt)...

============================== [AUDIT LOG: CODER] ==============================
[MISSION]
PROMPT
[RESPONSE]
<prompt>
<system_instructions>
<persona>
      <role>CODER Specialist</role>
      <domain>SERVICE</domain>
      <mission><![CDATA[
  Execute specialized technical duties with artisan-level precision.
      SPECIALIZED MISSION: MISSION: Write final JUnit 5 test code.
      TECHNICAL RULES:
      1. Use @ExtendWith(MockitoExtension.class).
      2. MOCKITO MATCHERS: Never mix matchers (any(), eq()) with raw values.
      3. CRITICAL: Response MUST use strict XML format: <response><status>...</st...(truncated)
================================================================================

2026-01-22T07:32:46.114Z  INFO 29436 --- [           main] c.e.l.i.llm.GeminiLlmClient              : ======================================== [EXECUTING GEMINI CLI] ========================================
2026-01-22T07:32:46.114Z  INFO 29436 --- [           main] c.e.l.i.llm.GeminiLlmClient              : TOTAL PROMPT SIZE: 5553 chars
2026-01-22T07:32:46.114Z  INFO 29436 --- [           main] c.e.l.i.llm.GeminiLlmClient              : ====================================================================================================
2026-01-22T07:32:46.116Z  INFO 29436 --- [           main] c.e.l.i.llm.GeminiLlmClient              : ğŸ’¾ Saved debug prompt to: /root/test-hae-llama/debug_gemini_prompt.xml

============================== [AUDIT LOG: CODER] ==============================
[MISSION]
RESPONSE
[RESPONSE]
Loaded cached credentials.
Loading extension: conductor
Loading extension: exa-mcp-server
Server 'exa' supports tool updates. Listening for changes...
Server 'exa' supports resource updates. Listening for changes...
(node:29538) MaxListenersExceededWarning: Possible EventTarget memory leak detected. 11 abort listeners added to [AbortSignal]. MaxListeners is 10. Use events.setMaxListeners() to increase limit
(Use `node --trace-warnings ...` to show where the warning was created)
Attempt 1 failed ...(truncated)
================================================================================

2026-01-22T07:33:43.632Z  INFO 29436 --- [           main] c.e.l.a.o.AbstractPipelineOrchestrator   : --> Setup Complete:
Loaded cached credentials.
Loading extension: conductor
Loading extension: exa-mcp-server
Server 'exa' supports tool updates. Listening for changes...
Server 'exa' supports resource updates. Listening for changes...
(node:29538) MaxListenersExceededWarning: Possible EventTarget memory leak detected. 11 abort listeners added to [AbortSignal]. MaxListeners is 10. Use events.setMaxListeners() to increase limit
(Use `node --trace-warnings ...` to show where the warning was created)
Attempt 1 failed with status 429. Retrying with backoff... GaxiosError: [{
  "error": {
    "code": 429,
    "message": "No capacity available for model gemini-3-flash-preview on the server",
    "errors": [
      {
        "message": "No capacity available for model gemini-3-flash-preview on the server",
        "domain": "global",
        "reason": "rateLimitExceeded"
      }
    ],
    "status": "RESOURCE_EXHAUSTED",
    "details": [
      {
        "@type": "type.googleapis.com/google.rpc.ErrorInfo",
        "reason": "MODEL_CAPACITY_EXHAUSTED",
        "domain": "cloudcode-pa.googleapis.com",
        "metadata": {
          "model": "gemini-3-flash-preview"
        }
      }
    ]
  }
}
]
    at Gaxios._request (/usr/local/share/.config/yarn/global/node_modules/gaxios/build/src/gaxios.js:142:23)
    at process.processTicksAndRejections (node:internal/process/task_queues:95:5)
    at async OAuth2Client.requestAsync (/usr/local/share/.config/yarn/global/node_modules/google-auth-library/build/src/auth/oauth2client.js:429:18)
    at async CodeAssistServer.requestStreamingPost (file:///usr/local/share/.config/yarn/global/node_modules/@google/gemini-cli-core/dist/src/code_assist/server.js:166:21)
    at async CodeAssistServer.generateContentStream (file:///usr/local/share/.config/yarn/global/node_modules/@google/gemini-cli-core/dist/src/code_assist/server.js:27:27)
    at async file:///usr/local/share/.config/yarn/global/node_modules/@google/gemini-cli-core/dist/src/core/loggingContentGenerator.js:132:26
    at async retryWithBackoff (file:///usr/local/share/.config/yarn/global/node_modules/@google/gemini-cli-core/dist/src/utils/retry.js:108:28)
    at async GeminiChat.makeApiCallAndProcessStream (file:///usr/local/share/.config/yarn/global/node_modules/@google/gemini-cli-core/dist/src/core/geminiChat.js:429:32)
    at async GeminiChat.streamWithRetries (file:///usr/local/share/.config/yarn/global/node_modules/@google/gemini-cli-core/dist/src/core/geminiChat.js:254:40)
    at async Turn.run (file:///usr/local/share/.config/yarn/global/node_modules/@google/gemini-cli-core/dist/src/core/turn.js:64:30) {
  config: {
    url: 'https://cloudcode-pa.googleapis.com/v1internal:streamGenerateContent?alt=sse',
    method: 'POST',
    params: { alt: 'sse' },
    headers: {
      'Content-Type': 'application/json',
      'User-Agent': 'GeminiCLI/0.25.0/gemini-3-pro-preview (linux; arm64) google-api-nodejs-client/9.15.1',
      Authorization: '<<REDACTED> - See `errorRedactor` option in `gaxios` for configuration>.',
      'x-goog-api-client': 'gl-node/20.19.4'
    },
    responseType: 'stream',
    body: '<<REDACTED> - See `errorRedactor` option in `gaxios` for configuration>.',
    signal: AbortSignal { aborted: false },
    paramsSerializer: [Function: paramsSerializer],
    validateStatus: [Function: validateStatus],
    errorRedactor: [Function: defaultErrorRedactor]
  },
  response: {
    config: {
      url: 'https://cloudcode-pa.googleapis.com/v1internal:streamGenerateContent?alt=sse',
      method: 'POST',
      params: [Object],
      headers: [Object],
      responseType: 'stream',
      body: '<<REDACTED> - See `errorRedactor` option in `gaxios` for configuration>.',
      signal: [AbortSignal],
      paramsSerializer: [Function: paramsSerializer],
      validateStatus: [Function: validateStatus],
      errorRedactor: [Function: defaultErrorRedactor]
    },
    data: '[{\n' +
      '  "error": {\n' +
      '    "code": 429,\n' +
      '    "message": "No capacity available for model gemini-3-flash-preview on the server",\n' +
      '    "errors": [\n' +
      '      {\n' +
      '        "message": "No capacity available for model gemini-3-flash-preview on the server",\n' +
      '        "domain": "global",\n' +
      '        "reason": "rateLimitExceeded"\n' +
      '      }\n' +
      '    ],\n' +
      '    "status": "RESOURCE_EXHAUSTED",\n' +
      '    "details": [\n' +
      '      {\n' +
      '        "@type": "type.googleapis.com/google.rpc.ErrorInfo",\n' +
      '        "reason": "MODEL_CAPACITY_EXHAUSTED",\n' +
      '        "domain": "cloudcode-pa.googleapis.com",\n' +
      '        "metadata": {\n' +
      '          "model": "gemini-3-flash-preview"\n' +
      '        }\n' +
      '      }\n' +
      '    ]\n' +
      '  }\n' +
      '}\n' +
      ']',
    headers: {
      'alt-svc': 'h3=":443"; ma=2592000,h3-29=":443"; ma=2592000',
      'content-length': '630',
      'content-type': 'application/json; charset=UTF-8',
      date: 'Thu, 22 Jan 2026 07:33:14 GMT',
      server: 'ESF',
      'server-timing': 'gfet4t7; dur=455',
      vary: 'Origin, X-Origin, Referer',
      'x-cloudaicompanion-trace-id': '556bf65c0c3b2bf3',
      'x-content-type-options': 'nosniff',
      'x-frame-options': 'SAMEORIGIN',
      'x-xss-protection': '0'
    },
    status: 429,
    statusText: 'Too Many Requests',
    request: {
      responseURL: 'https://cloudcode-pa.googleapis.com/v1internal:streamGenerateContent?alt=sse'
    }
  },
  error: undefined,
  status: 429,
  [Symbol(gaxios-gaxios-error)]: '6.7.1'
}
<response>
<status>SUCCESS</status>
<thought>
PaymentRepositoryImpl í´ë˜ìŠ¤ì— ëŒ€í•œ JUnit 5 ë‹¨ìœ„ í…ŒìŠ¤íŠ¸ ìŠ¤ì¼ˆë ˆí†¤ì„ ìƒì„±í•©ë‹ˆë‹¤.
@ExtendWith(MockitoExtension.class)ë¥¼ ì‚¬ìš©í•˜ì—¬ Mockito í™˜ê²½ì„ ì„¤ì •í•˜ê³ , @InjectMocksë¥¼ í†µí•´ í…ŒìŠ¤íŠ¸ ëŒ€ìƒì¸ PaymentRepositoryImplì„ ì£¼ì…í•©ë‹ˆë‹¤.
í”„ë¡œì íŠ¸ í‘œì¤€ì— ë”°ë¼ @Nested êµ¬ì¡°ì™€ í•œêµ­ì–´ @DisplayNameì„ ì ìš©í•˜ë©°, BDD ìŠ¤íƒ€ì¼ì— ë§ê²Œ // given êµ¬ì¡°ë¥¼ í¬í•¨í•œ setUp ë©”ì„œë“œë¥¼ êµ¬ì„±í•©ë‹ˆë‹¤.
í˜„ì¬ ë‹¨ê³„ì—ì„œëŠ” ë©”ì„œë“œ êµ¬í˜„ ì—†ì´ í´ë˜ìŠ¤ ë° ì¤‘ì²© í´ë˜ìŠ¤ ìŠ¤ì¼ˆë ˆí†¤ë§Œ ìƒì„±í•©ë‹ˆë‹¤.
</thought>
<code><![CDATA[
package com.example.demo.repository.impl;

import org.junit.jupiter.api.BeforeEach;
import org.junit.jupiter.api.DisplayName;
import org.junit.jupiter.api.Nested;
import org.junit.jupiter.api.extension.ExtendWith;
import org.mockito.InjectMocks;
import org.mockito.junit.jupiter.MockitoExtension;
import java.math.BigDecimal;

import static org.assertj.core.api.Assertions.*;
import static org.mockito.BDDMockito.*;

/**
 * {@link PaymentRepositoryImpl}ì˜ ë¹„ì¦ˆë‹ˆìŠ¤ ë¡œì§ì„ ê²€ì¦í•˜ê¸° ìœ„í•œ ë‹¨ìœ„ í…ŒìŠ¤íŠ¸ í´ë˜ìŠ¤ì…ë‹ˆë‹¤.
 */
@ExtendWith(MockitoExtension.class)
@DisplayName("PaymentRepositoryImpl ìœ ë‹› í…ŒìŠ¤íŠ¸")
class PaymentRepositoryImplTest {

    @InjectMocks
    private PaymentRepositoryImpl paymentRepositoryImpl;

    @BeforeEach
    void setUp() {
        // given: í…ŒìŠ¤íŠ¸ ìˆ˜í–‰ ì „ í•„ìš”í•œ ê³µí†µ ê°ì²´ë‚˜ ìƒíƒœë¥¼ ì´ˆê¸°í™”í•©ë‹ˆë‹¤.
    }

    @Nested
    @DisplayName("save ë©”ì„œë“œëŠ”")
    class Describe_save {

        @Nested
        @DisplayName("ê²°ì œ IDì™€ ê¸ˆì•¡ì´ ì£¼ì–´ì§€ë©´")
        class Context_with_valid_inputs {

            @BeforeEach
            void setUp() {
                // given: í…ŒìŠ¤íŠ¸ì— í•„ìš”í•œ ì…ë ¥ ë°ì´í„°ë¥¼ ì¤€ë¹„í•©ë‹ˆë‹¤.
            }

            // TODO: ê²°ì œ ì •ë³´ ì €ì¥ ë¡œì§ ê²€ì¦ í…ŒìŠ¤íŠ¸ ë©”ì„œë“œ ì¶”ê°€ ì˜ˆì •
        }
    }
}
]]></code>
</response>

2026-01-22T07:33:43.632Z  INFO 29436 --- [           main] c.e.l.a.o.AbstractPipelineOrchestrator   : ğŸ”„ [Phase 3] Iterating Methods...
2026-01-22T07:33:43.633Z  INFO 29436 --- [           main] c.e.l.a.o.AbstractPipelineOrchestrator   :    -> Generating tests for method: [save]
2026-01-22T07:33:43.638Z  INFO 29436 --- [           main] c.e.l.a.o.AbstractPipelineOrchestrator   :       Extracted Source Size: 115 characters
2026-01-22T07:33:43.639Z  INFO 29436 --- [           main] c.e.l.domain.service.BureaucraticAgent   : [Agent: CODER] Acting on instruction (XML Prompt)...

============================== [AUDIT LOG: CODER] ==============================
[MISSION]
PROMPT
[RESPONSE]
<prompt>
<system_instructions>
<persona>
      <role>CODER Specialist</role>
      <domain>SERVICE</domain>
      <mission><![CDATA[
  Execute specialized technical duties with artisan-level precision.
      SPECIALIZED MISSION: MISSION: Write final JUnit 5 test code.
      TECHNICAL RULES:
      1. Use @ExtendWith(MockitoExtension.class).
      2. MOCKITO MATCHERS: Never mix matchers (any(), eq()) with raw values.
      3. CRITICAL: Response MUST use strict XML format: <response><status>...</st...(truncated)
================================================================================

2026-01-22T07:33:43.640Z  INFO 29436 --- [           main] c.e.l.i.llm.GeminiLlmClient              : ======================================== [EXECUTING GEMINI CLI] ========================================
2026-01-22T07:33:43.641Z  INFO 29436 --- [           main] c.e.l.i.llm.GeminiLlmClient              : TOTAL PROMPT SIZE: 6172 chars
2026-01-22T07:33:43.641Z  INFO 29436 --- [           main] c.e.l.i.llm.GeminiLlmClient              : ====================================================================================================
2026-01-22T07:33:43.641Z  INFO 29436 --- [           main] c.e.l.i.llm.GeminiLlmClient              : ğŸ’¾ Saved debug prompt to: /root/test-hae-llama/debug_gemini_prompt.xml

============================== [AUDIT LOG: CODER] ==============================
[MISSION]
RESPONSE
[RESPONSE]
Loaded cached credentials.
Loading extension: conductor
Loading extension: exa-mcp-server
Server 'exa' supports tool updates. Listening for changes...
Server 'exa' supports resource updates. Listening for changes...
(node:29640) MaxListenersExceededWarning: Possible EventTarget memory leak detected. 11 abort listeners added to [AbortSignal]. MaxListeners is 10. Use events.setMaxListeners() to increase limit
(Use `node --trace-warnings ...` to show where the warning was created)
Attempt 1 failed ...(truncated)
================================================================================

2026-01-22T07:36:45.720Z  INFO 29436 --- [           main] c.e.l.a.o.AbstractPipelineOrchestrator   : ğŸ§© [Phase 4] Assembling Code...
2026-01-22T07:36:45.730Z ERROR 29436 --- [           main] c.e.l.a.o.AbstractPipelineOrchestrator   : JavaParser merge failed, falling back to naive merge: Lexical error at line 4, column 10.  Encountered: "x" (120), after : "\'e"
Problem stacktrace : 
  com.github.javaparser.GeneratedJavaParserTokenManager.getNextToken(GeneratedJavaParserTokenManager.java:3132)
  com.github.javaparser.GeneratedJavaParser.getNextToken(GeneratedJavaParser.java:14365)
  com.github.javaparser.GeneratedJavaParserBase.recover(GeneratedJavaParserBase.java:196)
  com.github.javaparser.GeneratedJavaParser.CompilationUnit(GeneratedJavaParser.java:213)
  com.github.javaparser.JavaParser.parse(JavaParser.java:125)
  com.github.javaparser.JavaParser.parse(JavaParser.java:297)
  com.github.javaparser.JavaParserAdapter.parse(JavaParserAdapter.java:104)
  com.github.javaparser.StaticJavaParser.parse(StaticJavaParser.java:257)
  com.example.llama.application.orchestrator.AbstractPipelineOrchestrator.mergeSetupAndTests(AbstractPipelineOrchestrator.java:179)
  com.example.llama.application.orchestrator.AbstractPipelineOrchestrator.orchestrate(AbstractPipelineOrchestrator.java:137)
  com.example.llama.application.BureaucracyOrchestrator.orchestrate(BureaucracyOrchestrator.java:36)
  com.example.llama.interfaces.shell.GenerateCommand.generate(GenerateCommand.java:53)
  java.base/jdk.internal.reflect.DirectMethodHandleAccessor.invoke(DirectMethodHandleAccessor.java:103)
  java.base/java.lang.reflect.Method.invoke(Method.java:580)
  org.springframework.shell.command.invocation.InvocableShellMethod.doInvoke(InvocableShellMethod.java:306)
  org.springframework.shell.command.invocation.InvocableShellMethod.invoke(InvocableShellMethod.java:232)
  org.springframework.shell.command.CommandExecution$DefaultCommandExecution.evaluate(CommandExecution.java:227)
  org.springframework.shell.Shell.evaluate(Shell.java:248)
  org.springframework.shell.Shell.run(Shell.java:159)
  org.springframework.shell.jline.NonInteractiveShellRunner.run(NonInteractiveShellRunner.java:146)
  org.springframework.shell.DefaultShellApplicationRunner.run(DefaultShellApplicationRunner.java:65)
  org.springframework.boot.SpringApplication.lambda$callRunner$4(SpringApplication.java:784)
  org.springframework.util.function.ThrowingConsumer$1.acceptWithException(ThrowingConsumer.java:82)
  org.springframework.util.function.ThrowingConsumer.accept(ThrowingConsumer.java:60)
  org.springframework.util.function.ThrowingConsumer$1.accept(ThrowingConsumer.java:86)
  org.springframework.boot.SpringApplication.callRunner(SpringApplication.java:796)
  org.springframework.boot.SpringApplication.callRunner(SpringApplication.java:784)
  org.springframework.boot.SpringApplication.lambda$callRunners$3(SpringApplication.java:772)
  java.base/java.util.stream.ForEachOps$ForEachOp$OfRef.accept(ForEachOps.java:184)
  java.base/java.util.stream.SortedOps$SizedRefSortingSink.end(SortedOps.java:357)
  java.base/java.util.stream.AbstractPipeline.copyInto(AbstractPipeline.java:510)
  java.base/java.util.stream.AbstractPipeline.wrapAndCopyInto(AbstractPipeline.java:499)
  java.base/java.util.stream.ForEachOps$ForEachOp.evaluateSequential(ForEachOps.java:151)
  java.base/java.util.stream.ForEachOps$ForEachOp$OfRef.evaluateSequential(ForEachOps.java:174)
  java.base/java.util.stream.AbstractPipeline.evaluate(AbstractPipeline.java:234)
  java.base/java.util.stream.ReferencePipeline.forEach(ReferencePipeline.java:596)
  org.springframework.boot.SpringApplication.callRunners(SpringApplication.java:772)
  org.springframework.boot.SpringApplication.run(SpringApplication.java:325)
  org.springframework.boot.SpringApplication.run(SpringApplication.java:1361)
  org.springframework.boot.SpringApplication.run(SpringApplication.java:1350)
  com.example.llama.LlamaApplication.main(LlamaApplication.java:12)
  java.base/jdk.internal.reflect.DirectMethodHandleAccessor.invoke(DirectMethodHandleAccessor.java:103)
  java.base/java.lang.reflect.Method.invoke(Method.java:580)
  org.springframework.boot.loader.launch.Launcher.launch(Launcher.java:102)
  org.springframework.boot.loader.launch.Launcher.launch(Launcher.java:64)
  org.springframework.boot.loader.launch.JarLauncher.main(JarLauncher.java:40)

2026-01-22T07:36:45.775Z  INFO 29436 --- [           main] c.e.l.i.io.FileSystemCodeWriter          : ğŸ’¾ Saved generated test to: /root/test-hae-llama/sample-projects/demo-app/src/test/java/com/example/demo/repository/impl/PaymentRepositoryImplTest.java
2026-01-22T07:36:45.775Z  INFO 29436 --- [           main] c.e.l.i.e.GradleProcessTestRunner        : ğŸš€ Executing test: com.example.demo.repository.impl.PaymentRepositoryImplTest in /root/test-hae-llama/sample-projects/demo-app
2026-01-22T07:36:49.432Z  INFO 29436 --- [           main] c.e.l.i.e.GradleProcessTestRunner        : Test execution finished. Success: false
2026-01-22T07:36:49.433Z  WARN 29436 --- [           main] c.e.l.interfaces.shell.GenerateCommand   : âŒ Test Verification Failed (Attempt 1/3). Initiating Repair...
2026-01-22T07:36:49.436Z  WARN 29436 --- [           main] c.e.l.interfaces.shell.GenerateCommand   : Error Sample: > Task :compileJava UP-TO-DATE
> Task :processResources NO-SOURCE
> Task :classes UP-TO-DATE

> Task :compileTestJava FAILED
2026-01-22T07:36:49.436Z  INFO 29436 --- [           main] c.e.l.a.o.AbstractPipelineOrchestrator   : ğŸš‘ [Phase 5] Auto-Repairing: PaymentRepositoryImpl.java
2026-01-22T07:37:10.702Z  INFO 29436 --- [           main] c.e.l.i.io.FileSystemCodeWriter          : ğŸ’¾ Saved generated test to: /root/test-hae-llama/sample-projects/demo-app/src/test/java/com/example/demo/repository/impl/PaymentRepositoryImplTest.java
2026-01-22T07:37:10.702Z  INFO 29436 --- [           main] c.e.l.i.e.GradleProcessTestRunner        : ğŸš€ Executing test: com.example.demo.repository.impl.PaymentRepositoryImplTest in /root/test-hae-llama/sample-projects/demo-app
2026-01-22T07:38:32.023Z  INFO 29436 --- [           main] c.e.l.i.e.GradleProcessTestRunner        : Test execution finished. Success: false
2026-01-22T07:38:32.024Z  WARN 29436 --- [           main] c.e.l.interfaces.shell.GenerateCommand   : âŒ Test Verification Failed (Attempt 2/3). Initiating Repair...
2026-01-22T07:38:32.024Z  WARN 29436 --- [           main] c.e.l.interfaces.shell.GenerateCommand   : Error Sample: > Task :compileJava UP-TO-DATE
> Task :processResources NO-SOURCE
> Task :classes UP-TO-DATE

> Task :compileTestJava FAILED
2026-01-22T07:38:32.024Z  INFO 29436 --- [           main] c.e.l.a.o.AbstractPipelineOrchestrator   : ğŸš‘ [Phase 5] Auto-Repairing: PaymentRepositoryImpl.java
2026-01-22T07:38:55.182Z  INFO 29436 --- [           main] c.e.l.i.io.FileSystemCodeWriter          : ğŸ’¾ Saved generated test to: /root/test-hae-llama/sample-projects/demo-app/src/test/java/com/example/demo/repository/impl/PaymentRepositoryImplTest.java
2026-01-22T07:38:55.182Z  INFO 29436 --- [           main] c.e.l.i.e.GradleProcessTestRunner        : ğŸš€ Executing test: com.example.demo.repository.impl.PaymentRepositoryImplTest in /root/test-hae-llama/sample-projects/demo-app
2026-01-22T07:38:58.746Z  INFO 29436 --- [           main] c.e.l.i.e.GradleProcessTestRunner        : Test execution finished. Success: false
2026-01-22T07:38:58.747Z  WARN 29436 --- [           main] c.e.l.interfaces.shell.GenerateCommand   : âŒ Test Verification Failed (Attempt 3/3). Initiating Repair...
2026-01-22T07:38:58.747Z  WARN 29436 --- [           main] c.e.l.interfaces.shell.GenerateCommand   : Error Sample: > Task :compileJava UP-TO-DATE
> Task :processResources NO-SOURCE
> Task :classes UP-TO-DATE

> Task :compileTestJava FAILED
2026-01-22T07:38:58.747Z  INFO 29436 --- [           main] c.e.l.a.o.AbstractPipelineOrchestrator   : ğŸš‘ [Phase 5] Auto-Repairing: PaymentRepositoryImpl.java
2026-01-22T07:40:54.056Z  INFO 29436 --- [           main] c.e.l.i.io.FileSystemCodeWriter          : ğŸ’¾ Saved generated test to: /root/test-hae-llama/sample-projects/demo-app/src/test/java/com/example/demo/repository/impl/PaymentRepositoryImplTest.java
2026-01-22T07:40:54.056Z  INFO 29436 --- [           main] c.e.l.interfaces.shell.GenerateCommand   : ğŸ Test generation process complete for PaymentRepositoryImpl.java
