
  .   ____          _            __ _ _
 /\\ / ___'_ __ _ _(_)_ __  __ _ \ \ \ \
( ( )\___ | '_ | '_| | '_ \/ _` | \ \ \ \
 \\/  ___)| |_)| | | | | || (_| |  ) ) ) )
  '  |____| .__|_| |_|_| |_\__, | / / / /
 =========|_|==============|___/=/_/_/_/

 :: Spring Boot ::                (v3.4.1)

2026-01-22T07:59:43.015Z  INFO 11312 --- [           main] com.example.llama.LlamaApplication       : Starting LlamaApplication v0.0.1-SNAPSHOT using Java 21.0.9 with PID 11312 (/root/test-hae-llama/common/build/libs/common-0.0.1-SNAPSHOT-boot.jar started by root in /root/test-hae-llama)
2026-01-22T07:59:43.020Z  INFO 11312 --- [           main] com.example.llama.LlamaApplication       : No active profile set, falling back to 1 default profile: "default"
2026-01-22T07:59:44.326Z  INFO 11312 --- [           main] c.e.l.i.io.InteractionLogger             : ğŸ“ Interaction Log started: /root/test-hae-llama/.test-hea-llama/logs/llama_interaction_20260122_075944.log
2026-01-22T07:59:44.639Z  WARN 11312 --- [           main] org.jline                                : Unable to create a system terminal, creating a dumb terminal (enable debug logging for more information)
2026-01-22T07:59:44.944Z  INFO 11312 --- [           main] com.example.llama.LlamaApplication       : Started LlamaApplication in 2.716 seconds (process running for 3.624)
2026-01-22T07:59:45.175Z  INFO 11312 --- [           main] c.e.l.a.o.AbstractPipelineOrchestrator   : ğŸ¼ Orchestrator [ServiceOrchestrator] conducting: PayrollService.java
2026-01-22T07:59:45.175Z  INFO 11312 --- [           main] c.e.l.a.o.AbstractPipelineOrchestrator   : ğŸ” [Phase 1] Analyzing Source Code Metadata...
2026-01-22T07:59:45.375Z  INFO 11312 --- [           main] c.e.l.i.a.SimpleDependencyAnalyzer       : ğŸ“Š Analyzing dependencies for project at: /root/test-hae-llama/sample-projects/demo-app
2026-01-22T07:59:45.375Z  INFO 11312 --- [           main] c.e.l.i.a.SimpleDependencyAnalyzer       : ğŸ˜ Gradle project detected. Using gradlew at: /root/test-hae-llama/sample-projects/demo-app/gradlew
2026-01-22T07:59:47.485Z  INFO 11312 --- [           main] c.e.l.a.o.AbstractPipelineOrchestrator   : ğŸ—ï¸ [Phase 2] Generating Global Test Setup...
2026-01-22T07:59:47.513Z  INFO 11312 --- [           main] c.e.l.domain.service.BureaucraticAgent   : [Agent: CODER] Acting on instruction (XML Prompt)...

============================== [AUDIT LOG: CODER] ==============================
[MISSION]
PROMPT
[RESPONSE]
<prompt>
<system_instructions>
<persona>
      <role>CODER Specialist</role>
      <domain>SERVICE</domain>
      <mission><![CDATA[
  Execute specialized technical duties with artisan-level precision.
      SPECIALIZED MISSION: MISSION: Write final JUnit 5 test code.
      TECHNICAL RULES:
      1. Use @ExtendWith(MockitoExtension.class).
      2. MOCKITO MATCHERS: Never mix matchers (any(), eq()) with raw values.
      3. CRITICAL: Response MUST use strict XML format: <response><status>...</st...(truncated)
================================================================================

2026-01-22T07:59:47.524Z  INFO 11312 --- [           main] c.e.l.i.llm.GeminiLlmClient              : ======================================== [EXECUTING GEMINI CLI] ========================================
2026-01-22T07:59:47.524Z  INFO 11312 --- [           main] c.e.l.i.llm.GeminiLlmClient              : TOTAL PROMPT SIZE: 6389 chars
2026-01-22T07:59:47.524Z  INFO 11312 --- [           main] c.e.l.i.llm.GeminiLlmClient              : ====================================================================================================
2026-01-22T07:59:47.525Z  INFO 11312 --- [           main] c.e.l.i.llm.GeminiLlmClient              : ğŸ’¾ Saved debug prompt to: /root/test-hae-llama/debug_gemini_prompt.xml

============================== [AUDIT LOG: CODER] ==============================
[MISSION]
RESPONSE
[RESPONSE]
Loaded cached credentials.
Loading extension: conductor
Loading extension: exa-mcp-server
Server 'exa' supports tool updates. Listening for changes...
Server 'exa' supports resource updates. Listening for changes...
(node:11418) MaxListenersExceededWarning: Possible EventTarget memory leak detected. 11 abort listeners added to [AbortSignal]. MaxListeners is 10. Use events.setMaxListeners() to increase limit
(Use `node --trace-warnings ...` to show where the warning was created)
<response>
  <sta...(truncated)
================================================================================

2026-01-22T08:01:08.892Z  INFO 11312 --- [           main] c.e.l.a.o.AbstractPipelineOrchestrator   : --> Setup Complete:
Loaded cached credentials.
Loading extension: conductor
Loading extension: exa-mcp-server
Server 'exa' supports tool updates. Listening for changes...
Server 'exa' supports resource updates. Listening for changes...
(node:11418) MaxListenersExceededWarning: Possible EventTarget memory leak detected. 11 abort listeners added to [AbortSignal]. MaxListeners is 10. Use events.setMaxListeners() to increase limit
(Use `node --trace-warnings ...` to show where the warning was created)
<response>
  <status>SUCCESS</status>
  <thought>
PayrollServiceì˜ ë‹¨ìœ„ í…ŒìŠ¤íŠ¸ë¥¼ ìœ„í•œ ê¸°ë³¸ ìŠ¤ì¼ˆë ˆí†¤ì„ ìƒì„±í•©ë‹ˆë‹¤.
@ExtendWith(MockitoExtension.class)ë¥¼ ì‚¬ìš©í•˜ì—¬ Mockito í™˜ê²½ì„ êµ¬ì¶•í•˜ê³ , ì˜ì¡´ì„±ì¸ BankClientì™€ PaymentRepositoryë¥¼ @Mockìœ¼ë¡œ ì„ ì–¸í•©ë‹ˆë‹¤.
í…ŒìŠ¤íŠ¸ ëŒ€ìƒì¸ PayrollServiceëŠ” @InjectMocksë¥¼ í†µí•´ ì£¼ì…ë°›ìœ¼ë©°, @BeforeEachì—ì„œëŠ” í…ŒìŠ¤íŠ¸ì— ê³µí†µì ìœ¼ë¡œ ì‚¬ìš©ë  ê¸°ë³¸ ë°ì´í„°ë¥¼ ì´ˆê¸°í™”í•˜ë„ë¡ êµ¬ì„±í•©ë‹ˆë‹¤.
  </thought>
  <code><![CDATA[
package com.example.demo.service;

import com.example.demo.client.BankClient;
import com.example.demo.repository.PaymentRepository;
import org.junit.jupiter.api.BeforeEach;
import org.junit.jupiter.api.DisplayName;
import org.junit.jupiter.api.Nested;
import org.junit.jupiter.api.extension.ExtendWith;
import org.mockito.InjectMocks;
import org.mockito.Mock;
import org.mockito.junit.jupiter.MockitoExtension;

import java.math.BigDecimal;

/**
 * PayrollServiceì˜ ê¸‰ì—¬ ì²˜ë¦¬ ë¡œì§ì„ ê²€ì¦í•˜ê¸° ìœ„í•œ ë‹¨ìœ„ í…ŒìŠ¤íŠ¸ í´ë˜ìŠ¤ì…ë‹ˆë‹¤.
 */
@ExtendWith(MockitoExtension.class)
@DisplayName("PayrollService ë‹¨ìœ„ í…ŒìŠ¤íŠ¸")
class PayrollServiceTest {

    @InjectMocks
    private PayrollService payrollService;

    @Mock
    private BankClient bankClient;

    @Mock
    private PaymentRepository paymentRepository;

    private Long employeeId;
    private BigDecimal baseSalary;

    @BeforeEach
    void setUp() {
        // given: í…ŒìŠ¤íŠ¸ì— ê³µí†µì ìœ¼ë¡œ ì‚¬ìš©ë  ê¸°ë³¸ ì‹ë³„ìì™€ ê¸‰ì—¬ ì •ë³´ë¥¼ ì´ˆê¸°í™”í•©ë‹ˆë‹¤.
        employeeId = 1L;
        baseSalary = new BigDecimal("3000.00");
    }

    @Nested
    @DisplayName("processPayroll ë©”ì„œë“œëŠ”")
    class Describe_processPayroll {

        @Nested
        @DisplayName("ìœ íš¨í•œ ì§ì› IDì™€ ê¸°ë³¸ ê¸‰ì—¬ê°€ ì£¼ì–´ì§€ë©´")
        class Context_with_valid_employee_and_salary {

            @BeforeEach
            void setUp() {
                // ì„±ê³µ ì‹œë‚˜ë¦¬ì˜¤ë¥¼ ìœ„í•œ ê³µí†µ ëª¨í‚¹ ì •ì˜ ì˜ˆì •
            }
            
            // TODO: ê¸‰ì—¬ ì´ì²´ ë° ì €ì¥ ì„±ê³µ ì¼€ì´ìŠ¤ êµ¬í˜„ ì˜ˆì •
        }

        @Nested
        @DisplayName("ì€í–‰ ì´ì²´ì— ì‹¤íŒ¨í•˜ëŠ” ê²½ìš°")
        class Context_with_bank_transfer_failure {

            @BeforeEach
            void setUp() {
                // ì´ì²´ ì‹¤íŒ¨ ì‹œë‚˜ë¦¬ì˜¤ë¥¼ ìœ„í•œ ëª¨í‚¹ ì •ì˜ ì˜ˆì •
            }

            // TODO: ì´ì²´ ì‹¤íŒ¨ ì‹œ ë°˜í™˜ ê°’ ë° ì €ì¥ ì—¬ë¶€ ê²€ì¦ êµ¬í˜„ ì˜ˆì •
        }

        @Nested
        @DisplayName("ì˜ëª»ëœ ì…ë ¥ ë°ì´í„°ê°€ ì£¼ì–´ì§€ë©´")
        class Context_with_invalid_input {
            
            // TODO: íŒŒë¼ë¯¸í„° í…ŒìŠ¤íŠ¸ë¥¼ í†µí•œ ê²½ê³„ê°’ ê²€ì¦ êµ¬í˜„ ì˜ˆì •
        }
    }
}
]]></code>
</response>

2026-01-22T08:01:08.893Z  INFO 11312 --- [           main] c.e.l.a.o.AbstractPipelineOrchestrator   : ğŸ”„ [Phase 3] Iterating Methods...
2026-01-22T08:01:08.893Z  INFO 11312 --- [           main] c.e.l.a.o.AbstractPipelineOrchestrator   :    -> Generating tests for method: [processPayroll]
2026-01-22T08:01:08.907Z  INFO 11312 --- [           main] c.e.l.a.o.AbstractPipelineOrchestrator   :       Extracted Source Size: 706 characters
2026-01-22T08:01:08.907Z  INFO 11312 --- [           main] c.e.l.domain.service.BureaucraticAgent   : [Agent: CODER] Acting on instruction (XML Prompt)...

============================== [AUDIT LOG: CODER] ==============================
[MISSION]
PROMPT
[RESPONSE]
<prompt>
<system_instructions>
<persona>
      <role>CODER Specialist</role>
      <domain>SERVICE</domain>
      <mission><![CDATA[
  Execute specialized technical duties with artisan-level precision.
      SPECIALIZED MISSION: MISSION: Write final JUnit 5 test code.
      TECHNICAL RULES:
      1. Use @ExtendWith(MockitoExtension.class).
      2. MOCKITO MATCHERS: Never mix matchers (any(), eq()) with raw values.
      3. CRITICAL: Response MUST use strict XML format: <response><status>...</st...(truncated)
================================================================================

2026-01-22T08:01:08.910Z  INFO 11312 --- [           main] c.e.l.i.llm.GeminiLlmClient              : ======================================== [EXECUTING GEMINI CLI] ========================================
2026-01-22T08:01:08.910Z  INFO 11312 --- [           main] c.e.l.i.llm.GeminiLlmClient              : TOTAL PROMPT SIZE: 7455 chars
2026-01-22T08:01:08.910Z  INFO 11312 --- [           main] c.e.l.i.llm.GeminiLlmClient              : ====================================================================================================
2026-01-22T08:01:08.911Z  INFO 11312 --- [           main] c.e.l.i.llm.GeminiLlmClient              : ğŸ’¾ Saved debug prompt to: /root/test-hae-llama/debug_gemini_prompt.xml
2026-01-22T08:01:59.494Z ERROR 11312 --- [           main] c.e.l.i.llm.GeminiLlmClient              : âŒ Gemini CLI Failed (Exit: 1): Loaded cached credentials.
Loading extension: conductor
Loading extension: exa-mcp-server
Server 'exa' supports tool updates. Listening for changes...
Server 'exa' supports resource updates. Listening for changes...
(node:11872) MaxListenersExceededWarning: Possible EventTarget memory leak detected. 11 abort listeners added to [AbortSignal]. MaxListeners is 10. Use events.setMaxListeners() to increase limit
(Use `node --trace-warnings ...` to show where the warning was created)
Error when talking to Gemini API Full report available at: /tmp/gemini-client-error-Turn.run-sendMessageStream-2026-01-22T08-01-59-438Z.json TerminalQuotaError: You have exhausted your capacity on this model. Your quota will reset after 14h27m56s.
    at classifyGoogleError (file:///usr/local/share/.config/yarn/global/node_modules/@google/gemini-cli-core/dist/src/utils/googleQuotaErrors.js:136:28)
    at retryWithBackoff (file:///usr/local/share/.config/yarn/global/node_modules/@google/gemini-cli-core/dist/src/utils/retry.js:130:37)
    at process.processTicksAndRejections (node:internal/process/task_queues:95:5)
    at async GeminiChat.makeApiCallAndProcessStream (file:///usr/local/share/.config/yarn/global/node_modules/@google/gemini-cli-core/dist/src/core/geminiChat.js:429:32)
    at async GeminiChat.streamWithRetries (file:///usr/local/share/.config/yarn/global/node_modules/@google/gemini-cli-core/dist/src/core/geminiChat.js:254:40)
    at async Turn.run (file:///usr/local/share/.config/yarn/global/node_modules/@google/gemini-cli-core/dist/src/core/turn.js:64:30)
    at async GeminiClient.processTurn (file:///usr/local/share/.config/yarn/global/node_modules/@google/gemini-cli-core/dist/src/core/client.js:457:26)
    at async GeminiClient.sendMessageStream (file:///usr/local/share/.config/yarn/global/node_modules/@google/gemini-cli-core/dist/src/core/client.js:553:20)
    at async file:///usr/local/share/.config/yarn/global/node_modules/@google/gemini-cli/dist/src/nonInteractiveCli.js:192:34
    at async main (file:///usr/local/share/.config/yarn/global/node_modules/@google/gemini-cli/dist/src/gemini.js:458:9) {
  cause: {
    code: 429,
    message: 'You have exhausted your capacity on this model. Your quota will reset after 14h27m56s.',
    details: [ [Object], [Object] ]
  },
  retryDelayMs: 52076620.670907006
}
An unexpected critical error occurred:[object Object]


============================== [AUDIT LOG: CODER] ==============================
[MISSION]
RESPONSE
[RESPONSE]
<response><status>FAILED</status><thought>Gemini CLI execution failed.</thought><code>// Error: Loaded cached credentials.
Loading extension: conductor
Loading extension: exa-mcp-server
Server 'exa' supports tool updates. Listening for changes...
Server 'exa' supports resource updates. Listening for changes...
(node:11872) MaxListenersExceededWarning: Possible EventTarget memory leak detected. 11 abort listeners added to [AbortSignal]. MaxListeners is 10. Use events.setMaxListeners() to increase...(truncated)
================================================================================

2026-01-22T08:01:59.495Z  INFO 11312 --- [           main] c.e.l.a.o.AbstractPipelineOrchestrator   : ğŸ§© [Phase 4] Assembling Code...
2026-01-22T08:01:59.499Z ERROR 11312 --- [           main] c.e.l.a.o.AbstractPipelineOrchestrator   : JavaParser merge failed, falling back to naive merge: Lexical error at line 4, column 10.  Encountered: "x" (120), after : "\'e"
Problem stacktrace : 
  com.github.javaparser.GeneratedJavaParserTokenManager.getNextToken(GeneratedJavaParserTokenManager.java:3132)
  com.github.javaparser.GeneratedJavaParser.getNextToken(GeneratedJavaParser.java:14365)
  com.github.javaparser.GeneratedJavaParserBase.recover(GeneratedJavaParserBase.java:196)
  com.github.javaparser.GeneratedJavaParser.CompilationUnit(GeneratedJavaParser.java:213)
  com.github.javaparser.JavaParser.parse(JavaParser.java:125)
  com.github.javaparser.JavaParser.parse(JavaParser.java:297)
  com.github.javaparser.JavaParserAdapter.parse(JavaParserAdapter.java:104)
  com.github.javaparser.StaticJavaParser.parse(StaticJavaParser.java:257)
  com.example.llama.application.orchestrator.AbstractPipelineOrchestrator.mergeSetupAndTests(AbstractPipelineOrchestrator.java:179)
  com.example.llama.application.orchestrator.AbstractPipelineOrchestrator.orchestrate(AbstractPipelineOrchestrator.java:137)
  com.example.llama.application.BureaucracyOrchestrator.orchestrate(BureaucracyOrchestrator.java:36)
  com.example.llama.interfaces.shell.GenerateCommand.generate(GenerateCommand.java:53)
  java.base/jdk.internal.reflect.DirectMethodHandleAccessor.invoke(DirectMethodHandleAccessor.java:103)
  java.base/java.lang.reflect.Method.invoke(Method.java:580)
  org.springframework.shell.command.invocation.InvocableShellMethod.doInvoke(InvocableShellMethod.java:306)
  org.springframework.shell.command.invocation.InvocableShellMethod.invoke(InvocableShellMethod.java:232)
  org.springframework.shell.command.CommandExecution$DefaultCommandExecution.evaluate(CommandExecution.java:227)
  org.springframework.shell.Shell.evaluate(Shell.java:248)
  org.springframework.shell.Shell.run(Shell.java:159)
  org.springframework.shell.jline.NonInteractiveShellRunner.run(NonInteractiveShellRunner.java:146)
  org.springframework.shell.DefaultShellApplicationRunner.run(DefaultShellApplicationRunner.java:65)
  org.springframework.boot.SpringApplication.lambda$callRunner$4(SpringApplication.java:784)
  org.springframework.util.function.ThrowingConsumer$1.acceptWithException(ThrowingConsumer.java:82)
  org.springframework.util.function.ThrowingConsumer.accept(ThrowingConsumer.java:60)
  org.springframework.util.function.ThrowingConsumer$1.accept(ThrowingConsumer.java:86)
  org.springframework.boot.SpringApplication.callRunner(SpringApplication.java:796)
  org.springframework.boot.SpringApplication.callRunner(SpringApplication.java:784)
  org.springframework.boot.SpringApplication.lambda$callRunners$3(SpringApplication.java:772)
  java.base/java.util.stream.ForEachOps$ForEachOp$OfRef.accept(ForEachOps.java:184)
  java.base/java.util.stream.SortedOps$SizedRefSortingSink.end(SortedOps.java:357)
  java.base/java.util.stream.AbstractPipeline.copyInto(AbstractPipeline.java:510)
  java.base/java.util.stream.AbstractPipeline.wrapAndCopyInto(AbstractPipeline.java:499)
  java.base/java.util.stream.ForEachOps$ForEachOp.evaluateSequential(ForEachOps.java:151)
  java.base/java.util.stream.ForEachOps$ForEachOp$OfRef.evaluateSequential(ForEachOps.java:174)
  java.base/java.util.stream.AbstractPipeline.evaluate(AbstractPipeline.java:234)
  java.base/java.util.stream.ReferencePipeline.forEach(ReferencePipeline.java:596)
  org.springframework.boot.SpringApplication.callRunners(SpringApplication.java:772)
  org.springframework.boot.SpringApplication.run(SpringApplication.java:325)
  org.springframework.boot.SpringApplication.run(SpringApplication.java:1361)
  org.springframework.boot.SpringApplication.run(SpringApplication.java:1350)
  com.example.llama.LlamaApplication.main(LlamaApplication.java:12)
  java.base/jdk.internal.reflect.DirectMethodHandleAccessor.invoke(DirectMethodHandleAccessor.java:103)
  java.base/java.lang.reflect.Method.invoke(Method.java:580)
  org.springframework.boot.loader.launch.Launcher.launch(Launcher.java:102)
  org.springframework.boot.loader.launch.Launcher.launch(Launcher.java:64)
  org.springframework.boot.loader.launch.JarLauncher.main(JarLauncher.java:40)

2026-01-22T08:01:59.529Z  INFO 11312 --- [           main] c.e.l.i.io.FileSystemCodeWriter          : ğŸ’¾ Saved generated test to: /root/test-hae-llama/sample-projects/demo-app/src/test/java/com/example/demo/service/PayrollServiceTest.java
2026-01-22T08:01:59.530Z  INFO 11312 --- [           main] c.e.l.i.e.GradleProcessTestRunner        : ğŸš€ Executing test: com.example.demo.service.PayrollServiceTest in /root/test-hae-llama/sample-projects/demo-app
2026-01-22T08:02:19.678Z  INFO 11312 --- [           main] c.e.l.i.e.GradleProcessTestRunner        : Test execution finished. Success: false
2026-01-22T08:02:19.680Z  WARN 11312 --- [           main] c.e.l.interfaces.shell.GenerateCommand   : âŒ Test Verification Failed (Attempt 1/3). Initiating Repair...
2026-01-22T08:02:19.683Z  WARN 11312 --- [           main] c.e.l.interfaces.shell.GenerateCommand   : Error Sample: > Task :compileJava UP-TO-DATE
> Task :processResources NO-SOURCE
> Task :classes UP-TO-DATE

> Task :compileTestJava FAILED
2026-01-22T08:02:19.683Z  INFO 11312 --- [           main] c.e.l.a.o.AbstractPipelineOrchestrator   : ğŸš‘ [Phase 5] Auto-Repairing: PayrollService.java
2026-01-22T08:02:42.292Z  INFO 11312 --- [           main] c.e.l.i.io.FileSystemCodeWriter          : ğŸ’¾ Saved generated test to: /root/test-hae-llama/sample-projects/demo-app/src/test/java/com/example/demo/service/PayrollServiceTest.java
2026-01-22T08:02:42.293Z  INFO 11312 --- [           main] c.e.l.i.e.GradleProcessTestRunner        : ğŸš€ Executing test: com.example.demo.service.PayrollServiceTest in /root/test-hae-llama/sample-projects/demo-app
2026-01-22T08:02:45.809Z  INFO 11312 --- [           main] c.e.l.i.e.GradleProcessTestRunner        : Test execution finished. Success: false
2026-01-22T08:02:45.809Z  WARN 11312 --- [           main] c.e.l.interfaces.shell.GenerateCommand   : âŒ Test Verification Failed (Attempt 2/3). Initiating Repair...
2026-01-22T08:02:45.810Z  WARN 11312 --- [           main] c.e.l.interfaces.shell.GenerateCommand   : Error Sample: > Task :compileJava UP-TO-DATE
> Task :processResources NO-SOURCE
> Task :classes UP-TO-DATE

> Task :compileTestJava FAILED
2026-01-22T08:02:45.810Z  INFO 11312 --- [           main] c.e.l.a.o.AbstractPipelineOrchestrator   : ğŸš‘ [Phase 5] Auto-Repairing: PayrollService.java
2026-01-22T08:03:32.837Z  INFO 11312 --- [           main] c.e.l.i.io.FileSystemCodeWriter          : ğŸ’¾ Saved generated test to: /root/test-hae-llama/sample-projects/demo-app/src/test/java/com/example/demo/service/PayrollServiceTest.java
2026-01-22T08:03:32.838Z  INFO 11312 --- [           main] c.e.l.i.e.GradleProcessTestRunner        : ğŸš€ Executing test: com.example.demo.service.PayrollServiceTest in /root/test-hae-llama/sample-projects/demo-app
2026-01-22T08:03:36.293Z  INFO 11312 --- [           main] c.e.l.i.e.GradleProcessTestRunner        : Test execution finished. Success: false
2026-01-22T08:03:36.293Z  WARN 11312 --- [           main] c.e.l.interfaces.shell.GenerateCommand   : âŒ Test Verification Failed (Attempt 3/3). Initiating Repair...
2026-01-22T08:03:36.294Z  WARN 11312 --- [           main] c.e.l.interfaces.shell.GenerateCommand   : Error Sample: > Task :compileJava UP-TO-DATE
> Task :processResources NO-SOURCE
> Task :classes UP-TO-DATE

> Task :compileTestJava FAILED
2026-01-22T08:03:36.294Z  INFO 11312 --- [           main] c.e.l.a.o.AbstractPipelineOrchestrator   : ğŸš‘ [Phase 5] Auto-Repairing: PayrollService.java
2026-01-22T08:04:26.369Z  INFO 11312 --- [           main] c.e.l.i.io.FileSystemCodeWriter          : ğŸ’¾ Saved generated test to: /root/test-hae-llama/sample-projects/demo-app/src/test/java/com/example/demo/service/PayrollServiceTest.java
2026-01-22T08:04:26.369Z  INFO 11312 --- [           main] c.e.l.interfaces.shell.GenerateCommand   : ğŸ Test generation process complete for PayrollService.java
