
  .   ____          _            __ _ _
 /\\ / ___'_ __ _ _(_)_ __  __ _ \ \ \ \
( ( )\___ | '_ | '_| | '_ \/ _` | \ \ \ \
 \\/  ___)| |_)| | | | | || (_| |  ) ) ) )
  '  |____| .__|_| |_|_| |_\__, | / / / /
 =========|_|==============|___/=/_/_/_/

 :: Spring Boot ::                (v3.4.1)

2026-01-22T07:12:49.526Z  INFO 24877 --- [           main] com.example.llama.LlamaApplication       : Starting LlamaApplication v0.0.1-SNAPSHOT using Java 21.0.9 with PID 24877 (/root/test-hae-llama/common/build/libs/common-0.0.1-SNAPSHOT-boot.jar started by root in /root/test-hae-llama)
2026-01-22T07:12:49.532Z  INFO 24877 --- [           main] com.example.llama.LlamaApplication       : No active profile set, falling back to 1 default profile: "default"
2026-01-22T07:12:50.815Z  INFO 24877 --- [           main] c.e.l.i.io.InteractionLogger             : ğŸ“ Interaction Log started: /root/test-hae-llama/.test-hea-llama/logs/llama_interaction_20260122_071250.log
2026-01-22T07:12:51.143Z  WARN 24877 --- [           main] org.jline                                : Unable to create a system terminal, creating a dumb terminal (enable debug logging for more information)
2026-01-22T07:12:51.433Z  INFO 24877 --- [           main] com.example.llama.LlamaApplication       : Started LlamaApplication in 2.708 seconds (process running for 3.59)
2026-01-22T07:12:51.677Z  INFO 24877 --- [           main] c.e.l.a.o.AbstractPipelineOrchestrator   : ğŸ¼ Orchestrator [ServiceOrchestrator] conducting: ProductRepositoryCustom.java
2026-01-22T07:12:51.677Z  INFO 24877 --- [           main] c.e.l.a.o.AbstractPipelineOrchestrator   : ğŸ” [Phase 1] Analyzing Source Code Metadata...
2026-01-22T07:12:51.810Z  INFO 24877 --- [           main] c.e.l.i.a.SimpleDependencyAnalyzer       : ğŸ“Š Analyzing dependencies for project at: /root/test-hae-llama/sample-projects/demo-app
2026-01-22T07:12:51.811Z  INFO 24877 --- [           main] c.e.l.i.a.SimpleDependencyAnalyzer       : ğŸ˜ Gradle project detected. Using gradlew at: /root/test-hae-llama/sample-projects/demo-app/gradlew
2026-01-22T07:12:53.857Z  INFO 24877 --- [           main] c.e.l.a.o.AbstractPipelineOrchestrator   : ğŸ—ï¸ [Phase 2] Generating Global Test Setup...
2026-01-22T07:12:53.871Z  INFO 24877 --- [           main] c.e.l.domain.service.BureaucraticAgent   : [Agent: CODER] Acting on instruction (XML Prompt)...

============================== [AUDIT LOG: CODER] ==============================
[MISSION]
PROMPT
[RESPONSE]
<prompt>
<system_instructions>
<persona>
      <role>CODER Specialist</role>
      <domain>SERVICE</domain>
      <mission><![CDATA[
  Execute specialized technical duties with artisan-level precision.
      SPECIALIZED MISSION: MISSION: Write final JUnit 5 test code.
      TECHNICAL RULES:
      1. Use @ExtendWith(MockitoExtension.class).
      2. MOCKITO MATCHERS: Never mix matchers (any(), eq()) with raw values.
      3. CRITICAL: Response MUST use strict XML format: <response><status>...</st...(truncated)
================================================================================

2026-01-22T07:12:53.875Z  INFO 24877 --- [           main] c.e.l.i.llm.GeminiLlmClient              : ======================================== [EXECUTING GEMINI CLI] ========================================
2026-01-22T07:12:53.876Z  INFO 24877 --- [           main] c.e.l.i.llm.GeminiLlmClient              : TOTAL PROMPT SIZE: 5647 chars
2026-01-22T07:12:53.876Z  INFO 24877 --- [           main] c.e.l.i.llm.GeminiLlmClient              : ====================================================================================================
2026-01-22T07:12:53.877Z  INFO 24877 --- [           main] c.e.l.i.llm.GeminiLlmClient              : ğŸ’¾ Saved debug prompt to: /root/test-hae-llama/debug_gemini_prompt.xml

============================== [AUDIT LOG: CODER] ==============================
[MISSION]
RESPONSE
[RESPONSE]
Loaded cached credentials.
Loading extension: conductor
Loading extension: exa-mcp-server
Server 'exa' supports tool updates. Listening for changes...
Server 'exa' supports resource updates. Listening for changes...
(node:24968) MaxListenersExceededWarning: Possible EventTarget memory leak detected. 11 abort listeners added to [AbortSignal]. MaxListeners is 10. Use events.setMaxListeners() to increase limit
(Use `node --trace-warnings ...` to show where the warning was created)
<response>
<statu...(truncated)
================================================================================

2026-01-22T07:16:23.900Z  INFO 24877 --- [           main] c.e.l.a.o.AbstractPipelineOrchestrator   : --> Setup Complete:
Loaded cached credentials.
Loading extension: conductor
Loading extension: exa-mcp-server
Server 'exa' supports tool updates. Listening for changes...
Server 'exa' supports resource updates. Listening for changes...
(node:24968) MaxListenersExceededWarning: Possible EventTarget memory leak detected. 11 abort listeners added to [AbortSignal]. MaxListeners is 10. Use events.setMaxListeners() to increase limit
(Use `node --trace-warnings ...` to show where the warning was created)
<response>
<status>SUCCESS</status>
<thought>
ProductRepositoryCustom ì¸í„°í˜ì´ìŠ¤ì— ëŒ€í•œ JUnit 5 ë‹¨ìœ„ í…ŒìŠ¤íŠ¸ ìŠ¤ì¼ˆë ˆí†¤ì„ ìƒì„±í•©ë‹ˆë‹¤.
@ExtendWith(MockitoExtension.class)ë¥¼ ì‚¬ìš©í•˜ì—¬ Spring ì»¨í…ìŠ¤íŠ¸ ì—†ì´ ë¹ ë¥¸ ë‹¨ìœ„ í…ŒìŠ¤íŠ¸ê°€ ê°€ëŠ¥í•˜ë„ë¡ ì„¤ì •í•˜ë©°, @Nested êµ¬ì¡°ë¥¼ í™œìš©í•´ Describe_{MethodName} ë° Context_{Condition} íŒ¨í„´ì„ ì ìš©í•©ë‹ˆë‹¤.
ì£¼ì–´ì§„ ë„ë©”ì¸ì¸ Productì™€ í•„ë“œì¸ BigDecimalì„ ê³ ë ¤í•˜ì—¬ ê¸°ì´ˆì ì¸ Mock ë° BeforeEach ì„¤ì •ì„ í¬í•¨í•©ë‹ˆë‹¤.
</thought>
<code><![CDATA[
package com.example.demo.repository;

import com.example.demo.domain.Product;
import org.junit.jupiter.api.BeforeEach;
import org.junit.jupiter.api.DisplayName;
import org.junit.jupiter.api.Nested;
import org.junit.jupiter.api.extension.ExtendWith;
import org.mockito.InjectMocks;
import org.mockito.Mock;
import org.mockito.junit.jupiter.MockitoExtension;

import java.math.BigDecimal;
import java.util.List;

import static org.assertj.core.api.Assertions.assertThat;
import static org.mockito.ArgumentMatchers.*;
import static org.mockito.BDDMockito.*;

/**
 * ProductRepositoryCustomì˜ ë¹„ì¦ˆë‹ˆìŠ¤ ë¡œì§ì„ ê²€ì¦í•˜ê¸° ìœ„í•œ ìˆœìˆ˜ ë‹¨ìœ„ í…ŒìŠ¤íŠ¸ í´ë˜ìŠ¤ì…ë‹ˆë‹¤.
 */
@ExtendWith(MockitoExtension.class)
@DisplayName("ProductRepositoryCustom ë‹¨ìœ„ í…ŒìŠ¤íŠ¸")
class ProductRepositoryCustomTest {

    // TODO: ProductRepositoryCustomì˜ ì‹¤ì œ êµ¬í˜„ í´ë˜ìŠ¤(ì˜ˆ: ProductRepositoryImpl) ì •ì˜ ì‹œ @InjectMocksë¡œ ì£¼ì…í•˜ì‹­ì‹œì˜¤.
    // @InjectMocks
    // private ProductRepositoryImpl productRepository;

    @BeforeEach
    void setUp() {
        // given: í…ŒìŠ¤íŠ¸ ìˆ˜í–‰ ì „ ì „ì—­ì ìœ¼ë¡œ í•„ìš”í•œ ì´ˆê¸° ìƒíƒœë¥¼ ì„¤ì •í•©ë‹ˆë‹¤.
    }

    @Nested
    @DisplayName("Describe_findProductsExpensiveThan")
    class Describe_findProductsExpensiveThan {

        @Nested
        @DisplayName("Context_ê¸°ì¤€_ê°€ê²©ë³´ë‹¤_ë¹„ì‹¼_ìƒí’ˆì´_ì¡´ì¬í•˜ëŠ”_ê²½ìš°")
        class Context_with_expensive_products {
            
            @BeforeEach
            void setUp() {
                // given: í•´ë‹¹ ì¡°ê±´ì— ë§ëŠ” Mock ê°ì²´ ë™ì‘ì„ ì •ì˜í•©ë‹ˆë‹¤.
            }

            // í…ŒìŠ¤íŠ¸ ë©”ì„œë“œ êµ¬í˜„ ì˜ˆì • (// given, // when, // then)
        }

        @Nested
        @DisplayName("Context_ê¸°ì¤€_ê°€ê²©ë³´ë‹¤_ë¹„ì‹¼_ìƒí’ˆì´_ì¡´ì¬í•˜ì§€_ì•ŠëŠ”_ê²½ìš°")
        class Context_with_no_expensive_products {
            
            @BeforeEach
            void setUp() {
                // given
            }

            // í…ŒìŠ¤íŠ¸ ë©”ì„œë“œ êµ¬í˜„ ì˜ˆì • (// given, // when, // then)
        }
    }
}
]]></code>
</response>

2026-01-22T07:16:23.901Z  INFO 24877 --- [           main] c.e.l.a.o.AbstractPipelineOrchestrator   : ğŸ”„ [Phase 3] Iterating Methods...
2026-01-22T07:16:23.901Z  INFO 24877 --- [           main] c.e.l.a.o.AbstractPipelineOrchestrator   :    -> Generating tests for method: [findProductsExpensiveThan]
2026-01-22T07:16:23.906Z  INFO 24877 --- [           main] c.e.l.a.o.AbstractPipelineOrchestrator   :       Extracted Source Size: 66 characters
2026-01-22T07:16:23.906Z  INFO 24877 --- [           main] c.e.l.domain.service.BureaucraticAgent   : [Agent: CODER] Acting on instruction (XML Prompt)...

============================== [AUDIT LOG: CODER] ==============================
[MISSION]
PROMPT
[RESPONSE]
<prompt>
<system_instructions>
<persona>
      <role>CODER Specialist</role>
      <domain>SERVICE</domain>
      <mission><![CDATA[
  Execute specialized technical duties with artisan-level precision.
      SPECIALIZED MISSION: MISSION: Write final JUnit 5 test code.
      TECHNICAL RULES:
      1. Use @ExtendWith(MockitoExtension.class).
      2. MOCKITO MATCHERS: Never mix matchers (any(), eq()) with raw values.
      3. CRITICAL: Response MUST use strict XML format: <response><status>...</st...(truncated)
================================================================================

2026-01-22T07:16:23.907Z  INFO 24877 --- [           main] c.e.l.i.llm.GeminiLlmClient              : ======================================== [EXECUTING GEMINI CLI] ========================================
2026-01-22T07:16:23.907Z  INFO 24877 --- [           main] c.e.l.i.llm.GeminiLlmClient              : TOTAL PROMPT SIZE: 6322 chars
2026-01-22T07:16:23.907Z  INFO 24877 --- [           main] c.e.l.i.llm.GeminiLlmClient              : ====================================================================================================
2026-01-22T07:16:23.907Z  INFO 24877 --- [           main] c.e.l.i.llm.GeminiLlmClient              : ğŸ’¾ Saved debug prompt to: /root/test-hae-llama/debug_gemini_prompt.xml

============================== [AUDIT LOG: CODER] ==============================
[MISSION]
RESPONSE
[RESPONSE]
Loaded cached credentials.
Loading extension: conductor
Loading extension: exa-mcp-server
Server 'exa' supports tool updates. Listening for changes...
Server 'exa' supports resource updates. Listening for changes...
(node:25127) MaxListenersExceededWarning: Possible EventTarget memory leak detected. 11 abort listeners added to [AbortSignal]. MaxListeners is 10. Use events.setMaxListeners() to increase limit
(Use `node --trace-warnings ...` to show where the warning was created)
<response>
<statu...(truncated)
================================================================================

2026-01-22T07:19:49.134Z  INFO 24877 --- [           main] c.e.l.a.o.AbstractPipelineOrchestrator   : ğŸ§© [Phase 4] Assembling Code...
2026-01-22T07:19:49.138Z ERROR 24877 --- [           main] c.e.l.a.o.AbstractPipelineOrchestrator   : JavaParser merge failed, falling back to naive merge: Lexical error at line 4, column 10.  Encountered: "x" (120), after : "\'e"
Problem stacktrace : 
  com.github.javaparser.GeneratedJavaParserTokenManager.getNextToken(GeneratedJavaParserTokenManager.java:3132)
  com.github.javaparser.GeneratedJavaParser.getNextToken(GeneratedJavaParser.java:14365)
  com.github.javaparser.GeneratedJavaParserBase.recover(GeneratedJavaParserBase.java:196)
  com.github.javaparser.GeneratedJavaParser.CompilationUnit(GeneratedJavaParser.java:213)
  com.github.javaparser.JavaParser.parse(JavaParser.java:125)
  com.github.javaparser.JavaParser.parse(JavaParser.java:297)
  com.github.javaparser.JavaParserAdapter.parse(JavaParserAdapter.java:104)
  com.github.javaparser.StaticJavaParser.parse(StaticJavaParser.java:257)
  com.example.llama.application.orchestrator.AbstractPipelineOrchestrator.mergeSetupAndTests(AbstractPipelineOrchestrator.java:179)
  com.example.llama.application.orchestrator.AbstractPipelineOrchestrator.orchestrate(AbstractPipelineOrchestrator.java:137)
  com.example.llama.application.BureaucracyOrchestrator.orchestrate(BureaucracyOrchestrator.java:36)
  com.example.llama.interfaces.shell.GenerateCommand.generate(GenerateCommand.java:53)
  java.base/jdk.internal.reflect.DirectMethodHandleAccessor.invoke(DirectMethodHandleAccessor.java:103)
  java.base/java.lang.reflect.Method.invoke(Method.java:580)
  org.springframework.shell.command.invocation.InvocableShellMethod.doInvoke(InvocableShellMethod.java:306)
  org.springframework.shell.command.invocation.InvocableShellMethod.invoke(InvocableShellMethod.java:232)
  org.springframework.shell.command.CommandExecution$DefaultCommandExecution.evaluate(CommandExecution.java:227)
  org.springframework.shell.Shell.evaluate(Shell.java:248)
  org.springframework.shell.Shell.run(Shell.java:159)
  org.springframework.shell.jline.NonInteractiveShellRunner.run(NonInteractiveShellRunner.java:146)
  org.springframework.shell.DefaultShellApplicationRunner.run(DefaultShellApplicationRunner.java:65)
  org.springframework.boot.SpringApplication.lambda$callRunner$4(SpringApplication.java:784)
  org.springframework.util.function.ThrowingConsumer$1.acceptWithException(ThrowingConsumer.java:82)
  org.springframework.util.function.ThrowingConsumer.accept(ThrowingConsumer.java:60)
  org.springframework.util.function.ThrowingConsumer$1.accept(ThrowingConsumer.java:86)
  org.springframework.boot.SpringApplication.callRunner(SpringApplication.java:796)
  org.springframework.boot.SpringApplication.callRunner(SpringApplication.java:784)
  org.springframework.boot.SpringApplication.lambda$callRunners$3(SpringApplication.java:772)
  java.base/java.util.stream.ForEachOps$ForEachOp$OfRef.accept(ForEachOps.java:184)
  java.base/java.util.stream.SortedOps$SizedRefSortingSink.end(SortedOps.java:357)
  java.base/java.util.stream.AbstractPipeline.copyInto(AbstractPipeline.java:510)
  java.base/java.util.stream.AbstractPipeline.wrapAndCopyInto(AbstractPipeline.java:499)
  java.base/java.util.stream.ForEachOps$ForEachOp.evaluateSequential(ForEachOps.java:151)
  java.base/java.util.stream.ForEachOps$ForEachOp$OfRef.evaluateSequential(ForEachOps.java:174)
  java.base/java.util.stream.AbstractPipeline.evaluate(AbstractPipeline.java:234)
  java.base/java.util.stream.ReferencePipeline.forEach(ReferencePipeline.java:596)
  org.springframework.boot.SpringApplication.callRunners(SpringApplication.java:772)
  org.springframework.boot.SpringApplication.run(SpringApplication.java:325)
  org.springframework.boot.SpringApplication.run(SpringApplication.java:1361)
  org.springframework.boot.SpringApplication.run(SpringApplication.java:1350)
  com.example.llama.LlamaApplication.main(LlamaApplication.java:12)
  java.base/jdk.internal.reflect.DirectMethodHandleAccessor.invoke(DirectMethodHandleAccessor.java:103)
  java.base/java.lang.reflect.Method.invoke(Method.java:580)
  org.springframework.boot.loader.launch.Launcher.launch(Launcher.java:102)
  org.springframework.boot.loader.launch.Launcher.launch(Launcher.java:64)
  org.springframework.boot.loader.launch.JarLauncher.main(JarLauncher.java:40)

2026-01-22T07:19:49.175Z  INFO 24877 --- [           main] c.e.l.i.io.FileSystemCodeWriter          : ğŸ’¾ Saved generated test to: /root/test-hae-llama/sample-projects/demo-app/src/test/java/com/example/demo/repository/ProductRepositoryCustomTest.java
2026-01-22T07:19:49.176Z  INFO 24877 --- [           main] c.e.l.i.e.GradleProcessTestRunner        : ğŸš€ Executing test: com.example.demo.repository.ProductRepositoryCustomTest in /root/test-hae-llama/sample-projects/demo-app
2026-01-22T07:20:32.686Z  INFO 24877 --- [           main] c.e.l.i.e.GradleProcessTestRunner        : Test execution finished. Success: false
2026-01-22T07:20:32.688Z  WARN 24877 --- [           main] c.e.l.interfaces.shell.GenerateCommand   : âŒ Test Verification Failed (Attempt 1/3). Initiating Repair...
2026-01-22T07:20:32.692Z  WARN 24877 --- [           main] c.e.l.interfaces.shell.GenerateCommand   : Error Sample: > Task :compileJava UP-TO-DATE
> Task :processResources NO-SOURCE
> Task :classes UP-TO-DATE

> Task :compileTestJava FAILED
2026-01-22T07:20:32.692Z  INFO 24877 --- [           main] c.e.l.a.o.AbstractPipelineOrchestrator   : ğŸš‘ [Phase 5] Auto-Repairing: ProductRepositoryCustom.java
2026-01-22T07:20:55.543Z  INFO 24877 --- [           main] c.e.l.i.io.FileSystemCodeWriter          : ğŸ’¾ Saved generated test to: /root/test-hae-llama/sample-projects/demo-app/src/test/java/com/example/demo/repository/ProductRepositoryCustomTest.java
2026-01-22T07:20:55.544Z  INFO 24877 --- [           main] c.e.l.i.e.GradleProcessTestRunner        : ğŸš€ Executing test: com.example.demo.repository.ProductRepositoryCustomTest in /root/test-hae-llama/sample-projects/demo-app
2026-01-22T07:20:59.182Z  INFO 24877 --- [           main] c.e.l.i.e.GradleProcessTestRunner        : Test execution finished. Success: false
2026-01-22T07:20:59.183Z  WARN 24877 --- [           main] c.e.l.interfaces.shell.GenerateCommand   : âŒ Test Verification Failed (Attempt 2/3). Initiating Repair...
2026-01-22T07:20:59.183Z  WARN 24877 --- [           main] c.e.l.interfaces.shell.GenerateCommand   : Error Sample: > Task :compileJava UP-TO-DATE
> Task :processResources NO-SOURCE
> Task :classes UP-TO-DATE

> Task :compileTestJava FAILED
2026-01-22T07:20:59.184Z  INFO 24877 --- [           main] c.e.l.a.o.AbstractPipelineOrchestrator   : ğŸš‘ [Phase 5] Auto-Repairing: ProductRepositoryCustom.java
2026-01-22T07:21:43.017Z  INFO 24877 --- [           main] c.e.l.i.io.FileSystemCodeWriter          : ğŸ’¾ Saved generated test to: /root/test-hae-llama/sample-projects/demo-app/src/test/java/com/example/demo/repository/ProductRepositoryCustomTest.java
2026-01-22T07:21:43.019Z  INFO 24877 --- [           main] c.e.l.i.e.GradleProcessTestRunner        : ğŸš€ Executing test: com.example.demo.repository.ProductRepositoryCustomTest in /root/test-hae-llama/sample-projects/demo-app
2026-01-22T07:21:46.685Z  INFO 24877 --- [           main] c.e.l.i.e.GradleProcessTestRunner        : Test execution finished. Success: false
2026-01-22T07:21:46.685Z  WARN 24877 --- [           main] c.e.l.interfaces.shell.GenerateCommand   : âŒ Test Verification Failed (Attempt 3/3). Initiating Repair...
2026-01-22T07:21:46.688Z  WARN 24877 --- [           main] c.e.l.interfaces.shell.GenerateCommand   : Error Sample: > Task :compileJava UP-TO-DATE
> Task :processResources NO-SOURCE
> Task :classes UP-TO-DATE

> Task :compileTestJava FAILED
2026-01-22T07:21:46.688Z  INFO 24877 --- [           main] c.e.l.a.o.AbstractPipelineOrchestrator   : ğŸš‘ [Phase 5] Auto-Repairing: ProductRepositoryCustom.java
2026-01-22T07:22:36.743Z  INFO 24877 --- [           main] c.e.l.i.io.FileSystemCodeWriter          : ğŸ’¾ Saved generated test to: /root/test-hae-llama/sample-projects/demo-app/src/test/java/com/example/demo/repository/ProductRepositoryCustomTest.java
2026-01-22T07:22:36.743Z  INFO 24877 --- [           main] c.e.l.interfaces.shell.GenerateCommand   : ğŸ Test generation process complete for ProductRepositoryCustom.java
