
  .   ____          _            __ _ _
 /\\ / ___'_ __ _ _(_)_ __  __ _ \ \ \ \
( ( )\___ | '_ | '_| | '_ \/ _` | \ \ \ \
 \\/  ___)| |_)| | | | | || (_| |  ) ) ) )
  '  |____| .__|_| |_|_| |_\__, | / / / /
 =========|_|==============|___/=/_/_/_/

 :: Spring Boot ::                (v3.4.1)

2026-01-22T07:08:07.624Z  INFO 23654 --- [           main] com.example.llama.LlamaApplication       : Starting LlamaApplication v0.0.1-SNAPSHOT using Java 21.0.9 with PID 23654 (/root/test-hae-llama/common/build/libs/common-0.0.1-SNAPSHOT-boot.jar started by root in /root/test-hae-llama)
2026-01-22T07:08:07.629Z  INFO 23654 --- [           main] com.example.llama.LlamaApplication       : No active profile set, falling back to 1 default profile: "default"
2026-01-22T07:08:08.975Z  INFO 23654 --- [           main] c.e.l.i.io.InteractionLogger             : ğŸ“ Interaction Log started: /root/test-hae-llama/.test-hea-llama/logs/llama_interaction_20260122_070808.log
2026-01-22T07:08:09.317Z  WARN 23654 --- [           main] org.jline                                : Unable to create a system terminal, creating a dumb terminal (enable debug logging for more information)
2026-01-22T07:08:09.634Z  INFO 23654 --- [           main] com.example.llama.LlamaApplication       : Started LlamaApplication in 2.803 seconds (process running for 3.539)
2026-01-22T07:08:09.857Z  INFO 23654 --- [           main] c.e.l.a.o.AbstractPipelineOrchestrator   : ğŸ¼ Orchestrator [RepositoryOrchestrator] conducting: ProductRepository.java
2026-01-22T07:08:09.858Z  INFO 23654 --- [           main] c.e.l.a.o.AbstractPipelineOrchestrator   : ğŸ” [Phase 1] Analyzing Source Code Metadata...
2026-01-22T07:08:10.006Z  INFO 23654 --- [           main] c.e.l.i.a.SimpleDependencyAnalyzer       : ğŸ“Š Analyzing dependencies for project at: /root/test-hae-llama/sample-projects/demo-app
2026-01-22T07:08:10.007Z  INFO 23654 --- [           main] c.e.l.i.a.SimpleDependencyAnalyzer       : ğŸ˜ Gradle project detected. Using gradlew at: /root/test-hae-llama/sample-projects/demo-app/gradlew
2026-01-22T07:08:20.005Z  INFO 23654 --- [           main] c.e.l.a.o.AbstractPipelineOrchestrator   : ğŸ—ï¸ [Phase 2] Generating Global Test Setup...
2026-01-22T07:08:20.023Z  INFO 23654 --- [           main] c.e.l.domain.service.BureaucraticAgent   : [Agent: REPOSITORY_CODER] Acting on instruction (XML Prompt)...

============================== [AUDIT LOG: REPOSITORY_CODER] ==============================
[MISSION]
PROMPT
[RESPONSE]
<prompt>
<system_instructions>
<persona>
      <role>REPOSITORY_CODER Specialist</role>
      <domain>REPOSITORY</domain>
      <mission><![CDATA[
  Execute specialized technical duties with artisan-level precision.
      SPECIALIZED MISSION: MISSION: Write final JUnit 5 test code with @DataJpaTest.
      TECHNICAL RULES:
      1. PERSISTENCE: Use TestEntityManager to persist preconditions.
      2. REQUIRED FIELDS: Populate ALL mandatory fields to avoid ConstraintViolationException.
      3. CR...(truncated)
================================================================================

2026-01-22T07:08:20.027Z  INFO 23654 --- [           main] c.e.l.i.llm.GeminiLlmClient              : ======================================== [EXECUTING GEMINI CLI] ========================================
2026-01-22T07:08:20.027Z  INFO 23654 --- [           main] c.e.l.i.llm.GeminiLlmClient              : TOTAL PROMPT SIZE: 6006 chars
2026-01-22T07:08:20.027Z  INFO 23654 --- [           main] c.e.l.i.llm.GeminiLlmClient              : ====================================================================================================
2026-01-22T07:08:20.030Z  INFO 23654 --- [           main] c.e.l.i.llm.GeminiLlmClient              : ğŸ’¾ Saved debug prompt to: /root/test-hae-llama/debug_gemini_prompt.xml

============================== [AUDIT LOG: REPOSITORY_CODER] ==============================
[MISSION]
RESPONSE
[RESPONSE]
Loaded cached credentials.
Loading extension: conductor
Loading extension: exa-mcp-server
Server 'exa' supports tool updates. Listening for changes...
Server 'exa' supports resource updates. Listening for changes...
(node:23753) MaxListenersExceededWarning: Possible EventTarget memory leak detected. 11 abort listeners added to [AbortSignal]. MaxListeners is 10. Use events.setMaxListeners() to increase limit
(Use `node --trace-warnings ...` to show where the warning was created)
<response>
<statu...(truncated)
================================================================================

2026-01-22T07:09:08.075Z  INFO 23654 --- [           main] c.e.l.a.o.AbstractPipelineOrchestrator   : --> Setup Complete:
Loaded cached credentials.
Loading extension: conductor
Loading extension: exa-mcp-server
Server 'exa' supports tool updates. Listening for changes...
Server 'exa' supports resource updates. Listening for changes...
(node:23753) MaxListenersExceededWarning: Possible EventTarget memory leak detected. 11 abort listeners added to [AbortSignal]. MaxListeners is 10. Use events.setMaxListeners() to increase limit
(Use `node --trace-warnings ...` to show where the warning was created)
<response>
<status>success</status>
<thought>
ProductRepositoryì˜ ë°ì´í„° ê³„ì¸µ ìŠ¬ë¼ì´ìŠ¤ í…ŒìŠ¤íŠ¸ë¥¼ ìœ„í•´ @DataJpaTest ê¸°ë°˜ì˜ í…ŒìŠ¤íŠ¸ ìŠ¤ì¼ˆë ˆí†¤ì„ ìƒì„±í•©ë‹ˆë‹¤. 
TestEntityManagerë¥¼ ì‚¬ìš©í•˜ì—¬ í…ŒìŠ¤íŠ¸ ì „ì œ ì¡°ê±´ì„ ì„¤ì •í•˜ê³ , @Nested êµ¬ì¡°ë¥¼ í†µí•´ findByIdWithPessimisticLock ë©”ì„œë“œì— ëŒ€í•œ BDD ìŠ¤íƒ€ì¼ì˜ ì‹œë‚˜ë¦¬ì˜¤ë¥¼ ì •ì˜í•©ë‹ˆë‹¤.
ë¹„ê´€ì  ë½(Pessimistic Lock)ì´ ì ìš©ëœ ì¡°íšŒ ë©”ì„œë“œì˜ íŠ¹ì„±ì„ ê³ ë ¤í•˜ì—¬, ì¡´ì¬í•˜ëŠ” IDì™€ ì¡´ì¬í•˜ì§€ ì•ŠëŠ” IDì— ëŒ€í•œ í…ŒìŠ¤íŠ¸ ì»¨í…ìŠ¤íŠ¸ë¥¼ ì„¤ê³„í–ˆìŠµë‹ˆë‹¤.
ì—”í‹°í‹° ì €ì¥ ì‹œ ì œì•½ ì¡°ê±´ ìœ„ë°˜ì„ ë°©ì§€í•˜ê¸° ìœ„í•´ í•„ìˆ˜ í•„ë“œ(name, price, stockQuantity)ë¥¼ ê³ ë ¤í•œ ì…‹ì—… êµ¬ì¡°ë¥¼ í¬í•¨í•©ë‹ˆë‹¤.
</thought>
<code>
<![CDATA[
package com.example.demo.repository;

import com.example.demo.domain.Product;
import org.junit.jupiter.api.BeforeEach;
import org.junit.jupiter.api.DisplayName;
import org.junit.jupiter.api.Nested;
import org.springframework.beans.factory.annotation.Autowired;
import org.springframework.boot.test.autoconfigure.orm.jpa.DataJpaTest;
import org.springframework.boot.test.autoconfigure.orm.jpa.TestEntityManager;

import java.math.BigDecimal;

import static org.assertj.core.api.Assertions.assertThat;

/**
 * ProductRepositoryì˜ ì˜ì†ì„± ì²˜ë¦¬ ë° ë°ì´í„° ì •í•©ì„±ì„ ê²€ì¦í•˜ê¸° ìœ„í•œ ë°ì´í„° ê³„ì¸µ ìŠ¬ë¼ì´ìŠ¤ í…ŒìŠ¤íŠ¸ì…ë‹ˆë‹¤.
 */
@DataJpaTest
@DisplayName("ProductRepository í†µí•© í…ŒìŠ¤íŠ¸")
class ProductRepositoryTest {

    @Autowired
    private TestEntityManager entityManager;

    @Autowired
    private ProductRepository productRepository;

    @BeforeEach
    void setUp() {
        // given: í…ŒìŠ¤íŠ¸ ìˆ˜í–‰ ì „ í•„ìš”í•œ Product ì—”í‹°í‹°ì˜ ì´ˆê¸° ìƒíƒœë¥¼ ì„¤ì •í•˜ê³  ì˜ì†í™”í•©ë‹ˆë‹¤.
        // name, price, stockQuantity ë“± í•„ìˆ˜ í•„ë“œë¥¼ ëˆ„ë½ ì—†ì´ ì„¤ì •í•˜ì—¬ ConstraintViolationExceptionì„ ë°©ì§€í•©ë‹ˆë‹¤.
    }

    @Nested
    @DisplayName("findByIdWithPessimisticLock ë©”ì„œë“œëŠ”")
    class Describe_findByIdWithPessimisticLock {

        @Nested
        @DisplayName("ì¡´ì¬í•˜ëŠ” ìƒí’ˆ IDê°€ ì£¼ì–´ì§€ë©´")
        class Context_with_existing_product_id {
            
            // TODO: ë¹„ê´€ì  ë½(PESSIMISTIC_WRITE)ì´ ì ìš©ëœ ì¡°íšŒ ë¡œì§ ë° ë°˜í™˜ëœ ê°ì²´ì˜ ìƒíƒœ ê²€ì¦ í…ŒìŠ¤íŠ¸ êµ¬í˜„
        }

        @Nested
        @DisplayName("ì¡´ì¬í•˜ì§€ ì•ŠëŠ” ìƒí’ˆ IDê°€ ì£¼ì–´ì§€ë©´")
        class Context_with_non_existing_product_id {
            
            // TODO: Optional.empty() ë°˜í™˜ ì—¬ë¶€ ë° ì˜ˆì™¸ ìƒí™©ì— ëŒ€í•œ ê²€ì¦ í…ŒìŠ¤íŠ¸ êµ¬í˜„
        }
    }
}
]]>
</code>
</response>

2026-01-22T07:09:08.076Z  INFO 23654 --- [           main] c.e.l.a.o.AbstractPipelineOrchestrator   : ğŸ”„ [Phase 3] Iterating Methods...
2026-01-22T07:09:08.076Z  INFO 23654 --- [           main] c.e.l.a.o.AbstractPipelineOrchestrator   :    -> Generating tests for method: [findByIdWithPessimisticLock]
2026-01-22T07:09:08.084Z  INFO 23654 --- [           main] c.e.l.a.o.AbstractPipelineOrchestrator   :       Extracted Source Size: 76 characters
2026-01-22T07:09:08.084Z  INFO 23654 --- [           main] c.e.l.domain.service.BureaucraticAgent   : [Agent: REPOSITORY_CODER] Acting on instruction (XML Prompt)...

============================== [AUDIT LOG: REPOSITORY_CODER] ==============================
[MISSION]
PROMPT
[RESPONSE]
<prompt>
<system_instructions>
<persona>
      <role>REPOSITORY_CODER Specialist</role>
      <domain>REPOSITORY</domain>
      <mission><![CDATA[
  Execute specialized technical duties with artisan-level precision.
      SPECIALIZED MISSION: MISSION: Write final JUnit 5 test code with @DataJpaTest.
      TECHNICAL RULES:
      1. PERSISTENCE: Use TestEntityManager to persist preconditions.
      2. REQUIRED FIELDS: Populate ALL mandatory fields to avoid ConstraintViolationException.
      3. CR...(truncated)
================================================================================

2026-01-22T07:09:08.086Z  INFO 23654 --- [           main] c.e.l.i.llm.GeminiLlmClient              : ======================================== [EXECUTING GEMINI CLI] ========================================
2026-01-22T07:09:08.086Z  INFO 23654 --- [           main] c.e.l.i.llm.GeminiLlmClient              : TOTAL PROMPT SIZE: 6494 chars
2026-01-22T07:09:08.086Z  INFO 23654 --- [           main] c.e.l.i.llm.GeminiLlmClient              : ====================================================================================================
2026-01-22T07:09:08.086Z  INFO 23654 --- [           main] c.e.l.i.llm.GeminiLlmClient              : ğŸ’¾ Saved debug prompt to: /root/test-hae-llama/debug_gemini_prompt.xml

============================== [AUDIT LOG: REPOSITORY_CODER] ==============================
[MISSION]
RESPONSE
[RESPONSE]
Loaded cached credentials.
Loading extension: conductor
Loading extension: exa-mcp-server
Server 'exa' supports tool updates. Listening for changes...
Server 'exa' supports resource updates. Listening for changes...
(node:23808) MaxListenersExceededWarning: Possible EventTarget memory leak detected. 11 abort listeners added to [AbortSignal]. MaxListeners is 10. Use events.setMaxListeners() to increase limit
(Use `node --trace-warnings ...` to show where the warning was created)
<response>
<statu...(truncated)
================================================================================

2026-01-22T07:10:35.276Z  INFO 23654 --- [           main] c.e.l.a.o.AbstractPipelineOrchestrator   : ğŸ§© [Phase 4] Assembling Code...
2026-01-22T07:10:35.280Z ERROR 23654 --- [           main] c.e.l.a.o.AbstractPipelineOrchestrator   : JavaParser merge failed, falling back to naive merge: Lexical error at line 4, column 10.  Encountered: "x" (120), after : "\'e"
Problem stacktrace : 
  com.github.javaparser.GeneratedJavaParserTokenManager.getNextToken(GeneratedJavaParserTokenManager.java:3132)
  com.github.javaparser.GeneratedJavaParser.getNextToken(GeneratedJavaParser.java:14365)
  com.github.javaparser.GeneratedJavaParserBase.recover(GeneratedJavaParserBase.java:196)
  com.github.javaparser.GeneratedJavaParser.CompilationUnit(GeneratedJavaParser.java:213)
  com.github.javaparser.JavaParser.parse(JavaParser.java:125)
  com.github.javaparser.JavaParser.parse(JavaParser.java:297)
  com.github.javaparser.JavaParserAdapter.parse(JavaParserAdapter.java:104)
  com.github.javaparser.StaticJavaParser.parse(StaticJavaParser.java:257)
  com.example.llama.application.orchestrator.AbstractPipelineOrchestrator.mergeSetupAndTests(AbstractPipelineOrchestrator.java:179)
  com.example.llama.application.orchestrator.AbstractPipelineOrchestrator.orchestrate(AbstractPipelineOrchestrator.java:137)
  com.example.llama.application.BureaucracyOrchestrator.orchestrate(BureaucracyOrchestrator.java:40)
  com.example.llama.interfaces.shell.GenerateCommand.generate(GenerateCommand.java:53)
  java.base/jdk.internal.reflect.DirectMethodHandleAccessor.invoke(DirectMethodHandleAccessor.java:103)
  java.base/java.lang.reflect.Method.invoke(Method.java:580)
  org.springframework.shell.command.invocation.InvocableShellMethod.doInvoke(InvocableShellMethod.java:306)
  org.springframework.shell.command.invocation.InvocableShellMethod.invoke(InvocableShellMethod.java:232)
  org.springframework.shell.command.CommandExecution$DefaultCommandExecution.evaluate(CommandExecution.java:227)
  org.springframework.shell.Shell.evaluate(Shell.java:248)
  org.springframework.shell.Shell.run(Shell.java:159)
  org.springframework.shell.jline.NonInteractiveShellRunner.run(NonInteractiveShellRunner.java:146)
  org.springframework.shell.DefaultShellApplicationRunner.run(DefaultShellApplicationRunner.java:65)
  org.springframework.boot.SpringApplication.lambda$callRunner$4(SpringApplication.java:784)
  org.springframework.util.function.ThrowingConsumer$1.acceptWithException(ThrowingConsumer.java:82)
  org.springframework.util.function.ThrowingConsumer.accept(ThrowingConsumer.java:60)
  org.springframework.util.function.ThrowingConsumer$1.accept(ThrowingConsumer.java:86)
  org.springframework.boot.SpringApplication.callRunner(SpringApplication.java:796)
  org.springframework.boot.SpringApplication.callRunner(SpringApplication.java:784)
  org.springframework.boot.SpringApplication.lambda$callRunners$3(SpringApplication.java:772)
  java.base/java.util.stream.ForEachOps$ForEachOp$OfRef.accept(ForEachOps.java:184)
  java.base/java.util.stream.SortedOps$SizedRefSortingSink.end(SortedOps.java:357)
  java.base/java.util.stream.AbstractPipeline.copyInto(AbstractPipeline.java:510)
  java.base/java.util.stream.AbstractPipeline.wrapAndCopyInto(AbstractPipeline.java:499)
  java.base/java.util.stream.ForEachOps$ForEachOp.evaluateSequential(ForEachOps.java:151)
  java.base/java.util.stream.ForEachOps$ForEachOp$OfRef.evaluateSequential(ForEachOps.java:174)
  java.base/java.util.stream.AbstractPipeline.evaluate(AbstractPipeline.java:234)
  java.base/java.util.stream.ReferencePipeline.forEach(ReferencePipeline.java:596)
  org.springframework.boot.SpringApplication.callRunners(SpringApplication.java:772)
  org.springframework.boot.SpringApplication.run(SpringApplication.java:325)
  org.springframework.boot.SpringApplication.run(SpringApplication.java:1361)
  org.springframework.boot.SpringApplication.run(SpringApplication.java:1350)
  com.example.llama.LlamaApplication.main(LlamaApplication.java:12)
  java.base/jdk.internal.reflect.DirectMethodHandleAccessor.invoke(DirectMethodHandleAccessor.java:103)
  java.base/java.lang.reflect.Method.invoke(Method.java:580)
  org.springframework.boot.loader.launch.Launcher.launch(Launcher.java:102)
  org.springframework.boot.loader.launch.Launcher.launch(Launcher.java:64)
  org.springframework.boot.loader.launch.JarLauncher.main(JarLauncher.java:40)

2026-01-22T07:10:35.311Z  INFO 23654 --- [           main] c.e.l.i.io.FileSystemCodeWriter          : ğŸ’¾ Saved generated test to: /root/test-hae-llama/sample-projects/demo-app/src/test/java/com/example/demo/repository/ProductRepositoryTest.java
2026-01-22T07:10:35.311Z  INFO 23654 --- [           main] c.e.l.i.e.GradleProcessTestRunner        : ğŸš€ Executing test: com.example.demo.repository.ProductRepositoryTest in /root/test-hae-llama/sample-projects/demo-app
2026-01-22T07:10:38.615Z  INFO 23654 --- [           main] c.e.l.i.e.GradleProcessTestRunner        : Test execution finished. Success: false
2026-01-22T07:10:38.616Z  WARN 23654 --- [           main] c.e.l.interfaces.shell.GenerateCommand   : âŒ Test Verification Failed (Attempt 1/3). Initiating Repair...
2026-01-22T07:10:38.622Z  WARN 23654 --- [           main] c.e.l.interfaces.shell.GenerateCommand   : Error Sample: > Task :compileJava UP-TO-DATE
> Task :processResources NO-SOURCE
> Task :classes UP-TO-DATE

> Task :compileTestJava FAILED
2026-01-22T07:10:38.622Z  INFO 23654 --- [           main] c.e.l.a.o.AbstractPipelineOrchestrator   : ğŸš‘ [Phase 5] Auto-Repairing: ProductRepository.java
2026-01-22T07:11:25.068Z  INFO 23654 --- [           main] c.e.l.i.io.FileSystemCodeWriter          : ğŸ’¾ Saved generated test to: /root/test-hae-llama/sample-projects/demo-app/src/test/java/com/example/demo/repository/ProductRepositoryTest.java
2026-01-22T07:11:25.068Z  INFO 23654 --- [           main] c.e.l.i.e.GradleProcessTestRunner        : ğŸš€ Executing test: com.example.demo.repository.ProductRepositoryTest in /root/test-hae-llama/sample-projects/demo-app
2026-01-22T07:11:28.761Z  INFO 23654 --- [           main] c.e.l.i.e.GradleProcessTestRunner        : Test execution finished. Success: false
2026-01-22T07:11:28.762Z  WARN 23654 --- [           main] c.e.l.interfaces.shell.GenerateCommand   : âŒ Test Verification Failed (Attempt 2/3). Initiating Repair...
2026-01-22T07:11:28.762Z  WARN 23654 --- [           main] c.e.l.interfaces.shell.GenerateCommand   : Error Sample: > Task :compileJava UP-TO-DATE
> Task :processResources NO-SOURCE
> Task :classes UP-TO-DATE

> Task :compileTestJava FAILED
2026-01-22T07:11:28.762Z  INFO 23654 --- [           main] c.e.l.a.o.AbstractPipelineOrchestrator   : ğŸš‘ [Phase 5] Auto-Repairing: ProductRepository.java
2026-01-22T07:12:21.494Z  INFO 23654 --- [           main] c.e.l.i.io.FileSystemCodeWriter          : ğŸ’¾ Saved generated test to: /root/test-hae-llama/sample-projects/demo-app/src/test/java/com/example/demo/repository/ProductRepositoryTest.java
2026-01-22T07:12:21.495Z  INFO 23654 --- [           main] c.e.l.i.e.GradleProcessTestRunner        : ğŸš€ Executing test: com.example.demo.repository.ProductRepositoryTest in /root/test-hae-llama/sample-projects/demo-app
2026-01-22T07:12:25.088Z  INFO 23654 --- [           main] c.e.l.i.e.GradleProcessTestRunner        : Test execution finished. Success: false
2026-01-22T07:12:25.088Z  WARN 23654 --- [           main] c.e.l.interfaces.shell.GenerateCommand   : âŒ Test Verification Failed (Attempt 3/3). Initiating Repair...
2026-01-22T07:12:25.089Z  WARN 23654 --- [           main] c.e.l.interfaces.shell.GenerateCommand   : Error Sample: > Task :compileJava UP-TO-DATE
> Task :processResources NO-SOURCE
> Task :classes UP-TO-DATE

> Task :compileTestJava FAILED
2026-01-22T07:12:25.090Z  INFO 23654 --- [           main] c.e.l.a.o.AbstractPipelineOrchestrator   : ğŸš‘ [Phase 5] Auto-Repairing: ProductRepository.java
2026-01-22T07:12:47.656Z  INFO 23654 --- [           main] c.e.l.i.io.FileSystemCodeWriter          : ğŸ’¾ Saved generated test to: /root/test-hae-llama/sample-projects/demo-app/src/test/java/com/example/demo/repository/ProductRepositoryTest.java
2026-01-22T07:12:47.657Z  INFO 23654 --- [           main] c.e.l.interfaces.shell.GenerateCommand   : ğŸ Test generation process complete for ProductRepository.java
