
  .   ____          _            __ _ _
 /\\ / ___'_ __ _ _(_)_ __  __ _ \ \ \ \
( ( )\___ | '_ | '_| | '_ \/ _` | \ \ \ \
 \\/  ___)| |_)| | | | | || (_| |  ) ) ) )
  '  |____| .__|_| |_|_| |_\__, | / / / /
 =========|_|==============|___/=/_/_/_/

 :: Spring Boot ::                (v3.4.1)

2026-01-22T07:22:38.672Z  INFO 27001 --- [           main] com.example.llama.LlamaApplication       : Starting LlamaApplication v0.0.1-SNAPSHOT using Java 21.0.9 with PID 27001 (/root/test-hae-llama/common/build/libs/common-0.0.1-SNAPSHOT-boot.jar started by root in /root/test-hae-llama)
2026-01-22T07:22:38.677Z  INFO 27001 --- [           main] com.example.llama.LlamaApplication       : No active profile set, falling back to 1 default profile: "default"
2026-01-22T07:22:40.006Z  INFO 27001 --- [           main] c.e.l.i.io.InteractionLogger             : ğŸ“ Interaction Log started: /root/test-hae-llama/.test-hea-llama/logs/llama_interaction_20260122_072240.log
2026-01-22T07:22:40.358Z  WARN 27001 --- [           main] org.jline                                : Unable to create a system terminal, creating a dumb terminal (enable debug logging for more information)
2026-01-22T07:22:40.675Z  INFO 27001 --- [           main] com.example.llama.LlamaApplication       : Started LlamaApplication in 2.826 seconds (process running for 3.724)
2026-01-22T07:22:40.895Z  INFO 27001 --- [           main] c.e.l.a.o.AbstractPipelineOrchestrator   : ğŸ¼ Orchestrator [RepositoryOrchestrator] conducting: UserRepository.java
2026-01-22T07:22:40.895Z  INFO 27001 --- [           main] c.e.l.a.o.AbstractPipelineOrchestrator   : ğŸ” [Phase 1] Analyzing Source Code Metadata...
2026-01-22T07:22:41.044Z  INFO 27001 --- [           main] c.e.l.i.a.SimpleDependencyAnalyzer       : ğŸ“Š Analyzing dependencies for project at: /root/test-hae-llama/sample-projects/demo-app
2026-01-22T07:22:41.045Z  INFO 27001 --- [           main] c.e.l.i.a.SimpleDependencyAnalyzer       : ğŸ˜ Gradle project detected. Using gradlew at: /root/test-hae-llama/sample-projects/demo-app/gradlew
2026-01-22T07:22:43.017Z  INFO 27001 --- [           main] c.e.l.a.o.AbstractPipelineOrchestrator   : ğŸ—ï¸ [Phase 2] Generating Global Test Setup...
2026-01-22T07:22:43.034Z  INFO 27001 --- [           main] c.e.l.domain.service.BureaucraticAgent   : [Agent: REPOSITORY_CODER] Acting on instruction (XML Prompt)...

============================== [AUDIT LOG: REPOSITORY_CODER] ==============================
[MISSION]
PROMPT
[RESPONSE]
<prompt>
<system_instructions>
<persona>
      <role>REPOSITORY_CODER Specialist</role>
      <domain>REPOSITORY</domain>
      <mission><![CDATA[
  Execute specialized technical duties with artisan-level precision.
      SPECIALIZED MISSION: MISSION: Write final JUnit 5 test code with @DataJpaTest.
      TECHNICAL RULES:
      1. PERSISTENCE: Use TestEntityManager to persist preconditions.
      2. REQUIRED FIELDS: Populate ALL mandatory fields to avoid ConstraintViolationException.
      3. CR...(truncated)
================================================================================

2026-01-22T07:22:43.038Z  INFO 27001 --- [           main] c.e.l.i.llm.GeminiLlmClient              : ======================================== [EXECUTING GEMINI CLI] ========================================
2026-01-22T07:22:43.038Z  INFO 27001 --- [           main] c.e.l.i.llm.GeminiLlmClient              : TOTAL PROMPT SIZE: 5519 chars
2026-01-22T07:22:43.038Z  INFO 27001 --- [           main] c.e.l.i.llm.GeminiLlmClient              : ====================================================================================================
2026-01-22T07:22:43.041Z  INFO 27001 --- [           main] c.e.l.i.llm.GeminiLlmClient              : ğŸ’¾ Saved debug prompt to: /root/test-hae-llama/debug_gemini_prompt.xml

============================== [AUDIT LOG: REPOSITORY_CODER] ==============================
[MISSION]
RESPONSE
[RESPONSE]
Loaded cached credentials.
Loading extension: conductor
Loading extension: exa-mcp-server
Server 'exa' supports tool updates. Listening for changes...
Server 'exa' supports resource updates. Listening for changes...
(node:27104) MaxListenersExceededWarning: Possible EventTarget memory leak detected. 11 abort listeners added to [AbortSignal]. MaxListeners is 10. Use events.setMaxListeners() to increase limit
(Use `node --trace-warnings ...` to show where the warning was created)
<response>
<statu...(truncated)
================================================================================

2026-01-22T07:24:04.772Z  INFO 27001 --- [           main] c.e.l.a.o.AbstractPipelineOrchestrator   : --> Setup Complete:
Loaded cached credentials.
Loading extension: conductor
Loading extension: exa-mcp-server
Server 'exa' supports tool updates. Listening for changes...
Server 'exa' supports resource updates. Listening for changes...
(node:27104) MaxListenersExceededWarning: Possible EventTarget memory leak detected. 11 abort listeners added to [AbortSignal]. MaxListeners is 10. Use events.setMaxListeners() to increase limit
(Use `node --trace-warnings ...` to show where the warning was created)
<response>
<status>success</status>
<thought>
UserRepositoryì˜ ë°ì´í„° ì ‘ê·¼ ë¡œì§ì„ ê²€ì¦í•˜ê¸° ìœ„í•´ JUnit 5ì™€ @DataJpaTest ê¸°ë°˜ì˜ í…ŒìŠ¤íŠ¸ ìŠ¤ì¼ˆë ˆí†¤ì„ ìƒì„±í•©ë‹ˆë‹¤.
Spring Data JPA ìŠ¬ë¼ì´ìŠ¤ í…ŒìŠ¤íŠ¸ í™˜ê²½ì„ êµ¬ì¶•í•˜ì—¬ ì‹¤ì œ DB ì—°ë™ ë° ì¿¼ë¦¬ ë™ì‘ì„ ê²€ì¦í•˜ë©°, TestEntityManagerë¥¼ í†µí•´ í…ŒìŠ¤íŠ¸ ë°ì´í„°ë¥¼ ì˜ì†í™”í•  ì¤€ë¹„ë¥¼ í•©ë‹ˆë‹¤.
@Nested êµ¬ì¡°ë¥¼ ì‚¬ìš©í•˜ì—¬ existsByEmail ë©”ì„œë“œì— ëŒ€í•œ BDD ìŠ¤íƒ€ì¼ì˜ í…ŒìŠ¤íŠ¸ ë ˆì´ì•„ì›ƒì„ ì •ì˜í•©ë‹ˆë‹¤.
</thought>
<code>
<![CDATA[
package com.example.demo.repository;

import com.example.demo.model.User;
import org.junit.jupiter.api.BeforeEach;
import org.junit.jupiter.api.DisplayName;
import org.junit.jupiter.api.Nested;
import org.springframework.beans.factory.annotation.Autowired;
import org.springframework.boot.test.autoconfigure.orm.jpa.DataJpaTest;
import org.springframework.boot.test.autoconfigure.orm.jpa.TestEntityManager;

import static org.assertj.core.api.Assertions.assertThat;

/**
 * UserRepositoryì˜ ì¿¼ë¦¬ ë©”ì„œë“œ ë° ë°ì´í„° ì ‘ê·¼ ë¡œì§ì„ ê²€ì¦í•˜ê¸° ìœ„í•œ JPA ìŠ¬ë¼ì´ìŠ¤ í…ŒìŠ¤íŠ¸ í´ë˜ìŠ¤ì…ë‹ˆë‹¤.
 */
@DataJpaTest
@DisplayName("UserRepository í†µí•© í…ŒìŠ¤íŠ¸")
class UserRepositoryTest {

    @Autowired
    private TestEntityManager entityManager;

    @Autowired
    private UserRepository userRepository;

    @BeforeEach
    void setUp() {
        // given: í…ŒìŠ¤íŠ¸ ìˆ˜í–‰ ì „ ë°ì´í„°ë² ì´ìŠ¤ ìƒíƒœë¥¼ ì´ˆê¸°í™”í•˜ê±°ë‚˜ ì „ì—­ì ì¸ ì „ì œ ì¡°ê±´ì„ ì„¤ì •í•©ë‹ˆë‹¤.
    }

    @Nested
    @DisplayName("existsByEmail ë©”ì„œë“œëŠ”")
    class Describe_existsByEmail {

        @Nested
        @DisplayName("í•´ë‹¹ ì´ë©”ì¼ì„ ê°€ì§„ ì‚¬ìš©ìê°€ ë°ì´í„°ë² ì´ìŠ¤ì— ì¡´ì¬í•˜ëŠ” ê²½ìš°")
        class Context_with_existing_user {

            @BeforeEach
            void setUp() {
                // given: í…ŒìŠ¤íŠ¸ìš© ì‚¬ìš©ì ì—”í‹°í‹°ë¥¼ ìƒì„±í•˜ê³  TestEntityManagerë¥¼ í†µí•´ ì €ì¥í•©ë‹ˆë‹¤.
            }

            // TODO: trueë¥¼ ë°˜í™˜í•˜ëŠ”ì§€ ê²€ì¦í•˜ëŠ” í…ŒìŠ¤íŠ¸ ì½”ë“œë¥¼ ì¶”ê°€í•  ì˜ˆì •ì…ë‹ˆë‹¤.
        }

        @Nested
        @DisplayName("í•´ë‹¹ ì´ë©”ì¼ì„ ê°€ì§„ ì‚¬ìš©ìê°€ ë°ì´í„°ë² ì´ìŠ¤ì— ì¡´ì¬í•˜ì§€ ì•ŠëŠ” ê²½ìš°")
        class Context_with_non_existent_user {

            @BeforeEach
            void setUp() {
                // given: ë°ì´í„°ë² ì´ìŠ¤ë¥¼ ë¹„ì›Œë‘ê±°ë‚˜ ë‹¤ë¥¸ ì†ì„±ì„ ê°€ì§„ ì‚¬ìš©ìë¥¼ ì €ì¥í•©ë‹ˆë‹¤.
            }

            // TODO: falseë¥¼ ë°˜í™˜í•˜ëŠ”ì§€ ê²€ì¦í•˜ëŠ” í…ŒìŠ¤íŠ¸ ì½”ë“œë¥¼ ì¶”ê°€í•  ì˜ˆì •ì…ë‹ˆë‹¤.
        }
    }
}
]]>
</code>
</response>

2026-01-22T07:24:04.773Z  INFO 27001 --- [           main] c.e.l.a.o.AbstractPipelineOrchestrator   : ğŸ”„ [Phase 3] Iterating Methods...
2026-01-22T07:24:04.773Z  INFO 27001 --- [           main] c.e.l.a.o.AbstractPipelineOrchestrator   :    -> Generating tests for method: [existsByEmail]
2026-01-22T07:24:04.780Z  INFO 27001 --- [           main] c.e.l.a.o.AbstractPipelineOrchestrator   :       Extracted Source Size: 44 characters
2026-01-22T07:24:04.780Z  INFO 27001 --- [           main] c.e.l.domain.service.BureaucraticAgent   : [Agent: REPOSITORY_CODER] Acting on instruction (XML Prompt)...

============================== [AUDIT LOG: REPOSITORY_CODER] ==============================
[MISSION]
PROMPT
[RESPONSE]
<prompt>
<system_instructions>
<persona>
      <role>REPOSITORY_CODER Specialist</role>
      <domain>REPOSITORY</domain>
      <mission><![CDATA[
  Execute specialized technical duties with artisan-level precision.
      SPECIALIZED MISSION: MISSION: Write final JUnit 5 test code with @DataJpaTest.
      TECHNICAL RULES:
      1. PERSISTENCE: Use TestEntityManager to persist preconditions.
      2. REQUIRED FIELDS: Populate ALL mandatory fields to avoid ConstraintViolationException.
      3. CR...(truncated)
================================================================================

2026-01-22T07:24:04.782Z  INFO 27001 --- [           main] c.e.l.i.llm.GeminiLlmClient              : ======================================== [EXECUTING GEMINI CLI] ========================================
2026-01-22T07:24:04.782Z  INFO 27001 --- [           main] c.e.l.i.llm.GeminiLlmClient              : TOTAL PROMPT SIZE: 6085 chars
2026-01-22T07:24:04.783Z  INFO 27001 --- [           main] c.e.l.i.llm.GeminiLlmClient              : ====================================================================================================
2026-01-22T07:24:04.784Z  INFO 27001 --- [           main] c.e.l.i.llm.GeminiLlmClient              : ğŸ’¾ Saved debug prompt to: /root/test-hae-llama/debug_gemini_prompt.xml
2026-01-22T07:25:01.353Z ERROR 27001 --- [           main] c.e.l.i.llm.GeminiLlmClient              : âŒ Gemini CLI Failed (Exit: 1): Loaded cached credentials.
Loading extension: conductor
Loading extension: exa-mcp-server
Server 'exa' supports tool updates. Listening for changes...
Server 'exa' supports resource updates. Listening for changes...
(node:27308) MaxListenersExceededWarning: Possible EventTarget memory leak detected. 11 abort listeners added to [AbortSignal]. MaxListeners is 10. Use events.setMaxListeners() to increase limit
(Use `node --trace-warnings ...` to show where the warning was created)
Error when talking to Gemini API Full report available at: /tmp/gemini-client-error-Turn.run-sendMessageStream-2026-01-22T07-25-01-294Z.json TerminalQuotaError: You have exhausted your capacity on this model. Your quota will reset after 15h4m54s.
    at classifyGoogleError (file:///usr/local/share/.config/yarn/global/node_modules/@google/gemini-cli-core/dist/src/utils/googleQuotaErrors.js:136:28)
    at retryWithBackoff (file:///usr/local/share/.config/yarn/global/node_modules/@google/gemini-cli-core/dist/src/utils/retry.js:130:37)
    at process.processTicksAndRejections (node:internal/process/task_queues:95:5)
    at async GeminiChat.makeApiCallAndProcessStream (file:///usr/local/share/.config/yarn/global/node_modules/@google/gemini-cli-core/dist/src/core/geminiChat.js:429:32)
    at async GeminiChat.streamWithRetries (file:///usr/local/share/.config/yarn/global/node_modules/@google/gemini-cli-core/dist/src/core/geminiChat.js:254:40)
    at async Turn.run (file:///usr/local/share/.config/yarn/global/node_modules/@google/gemini-cli-core/dist/src/core/turn.js:64:30)
    at async GeminiClient.processTurn (file:///usr/local/share/.config/yarn/global/node_modules/@google/gemini-cli-core/dist/src/core/client.js:457:26)
    at async GeminiClient.sendMessageStream (file:///usr/local/share/.config/yarn/global/node_modules/@google/gemini-cli-core/dist/src/core/client.js:553:20)
    at async file:///usr/local/share/.config/yarn/global/node_modules/@google/gemini-cli/dist/src/nonInteractiveCli.js:192:34
    at async main (file:///usr/local/share/.config/yarn/global/node_modules/@google/gemini-cli/dist/src/gemini.js:458:9) {
  cause: {
    code: 429,
    message: 'You have exhausted your capacity on this model. Your quota will reset after 15h4m54s.',
    details: [ [Object], [Object] ]
  },
  retryDelayMs: 54294928.958823
}
An unexpected critical error occurred:[object Object]


============================== [AUDIT LOG: REPOSITORY_CODER] ==============================
[MISSION]
RESPONSE
[RESPONSE]
<response><status>FAILED</status><thought>Gemini CLI execution failed.</thought><code>// Error: Loaded cached credentials.
Loading extension: conductor
Loading extension: exa-mcp-server
Server 'exa' supports tool updates. Listening for changes...
Server 'exa' supports resource updates. Listening for changes...
(node:27308) MaxListenersExceededWarning: Possible EventTarget memory leak detected. 11 abort listeners added to [AbortSignal]. MaxListeners is 10. Use events.setMaxListeners() to increase...(truncated)
================================================================================

2026-01-22T07:25:01.354Z  INFO 27001 --- [           main] c.e.l.a.o.AbstractPipelineOrchestrator   : ğŸ§© [Phase 4] Assembling Code...
2026-01-22T07:25:01.358Z ERROR 27001 --- [           main] c.e.l.a.o.AbstractPipelineOrchestrator   : JavaParser merge failed, falling back to naive merge: Lexical error at line 4, column 10.  Encountered: "x" (120), after : "\'e"
Problem stacktrace : 
  com.github.javaparser.GeneratedJavaParserTokenManager.getNextToken(GeneratedJavaParserTokenManager.java:3132)
  com.github.javaparser.GeneratedJavaParser.getNextToken(GeneratedJavaParser.java:14365)
  com.github.javaparser.GeneratedJavaParserBase.recover(GeneratedJavaParserBase.java:196)
  com.github.javaparser.GeneratedJavaParser.CompilationUnit(GeneratedJavaParser.java:213)
  com.github.javaparser.JavaParser.parse(JavaParser.java:125)
  com.github.javaparser.JavaParser.parse(JavaParser.java:297)
  com.github.javaparser.JavaParserAdapter.parse(JavaParserAdapter.java:104)
  com.github.javaparser.StaticJavaParser.parse(StaticJavaParser.java:257)
  com.example.llama.application.orchestrator.AbstractPipelineOrchestrator.mergeSetupAndTests(AbstractPipelineOrchestrator.java:179)
  com.example.llama.application.orchestrator.AbstractPipelineOrchestrator.orchestrate(AbstractPipelineOrchestrator.java:137)
  com.example.llama.application.BureaucracyOrchestrator.orchestrate(BureaucracyOrchestrator.java:40)
  com.example.llama.interfaces.shell.GenerateCommand.generate(GenerateCommand.java:53)
  java.base/jdk.internal.reflect.DirectMethodHandleAccessor.invoke(DirectMethodHandleAccessor.java:103)
  java.base/java.lang.reflect.Method.invoke(Method.java:580)
  org.springframework.shell.command.invocation.InvocableShellMethod.doInvoke(InvocableShellMethod.java:306)
  org.springframework.shell.command.invocation.InvocableShellMethod.invoke(InvocableShellMethod.java:232)
  org.springframework.shell.command.CommandExecution$DefaultCommandExecution.evaluate(CommandExecution.java:227)
  org.springframework.shell.Shell.evaluate(Shell.java:248)
  org.springframework.shell.Shell.run(Shell.java:159)
  org.springframework.shell.jline.NonInteractiveShellRunner.run(NonInteractiveShellRunner.java:146)
  org.springframework.shell.DefaultShellApplicationRunner.run(DefaultShellApplicationRunner.java:65)
  org.springframework.boot.SpringApplication.lambda$callRunner$4(SpringApplication.java:784)
  org.springframework.util.function.ThrowingConsumer$1.acceptWithException(ThrowingConsumer.java:82)
  org.springframework.util.function.ThrowingConsumer.accept(ThrowingConsumer.java:60)
  org.springframework.util.function.ThrowingConsumer$1.accept(ThrowingConsumer.java:86)
  org.springframework.boot.SpringApplication.callRunner(SpringApplication.java:796)
  org.springframework.boot.SpringApplication.callRunner(SpringApplication.java:784)
  org.springframework.boot.SpringApplication.lambda$callRunners$3(SpringApplication.java:772)
  java.base/java.util.stream.ForEachOps$ForEachOp$OfRef.accept(ForEachOps.java:184)
  java.base/java.util.stream.SortedOps$SizedRefSortingSink.end(SortedOps.java:357)
  java.base/java.util.stream.AbstractPipeline.copyInto(AbstractPipeline.java:510)
  java.base/java.util.stream.AbstractPipeline.wrapAndCopyInto(AbstractPipeline.java:499)
  java.base/java.util.stream.ForEachOps$ForEachOp.evaluateSequential(ForEachOps.java:151)
  java.base/java.util.stream.ForEachOps$ForEachOp$OfRef.evaluateSequential(ForEachOps.java:174)
  java.base/java.util.stream.AbstractPipeline.evaluate(AbstractPipeline.java:234)
  java.base/java.util.stream.ReferencePipeline.forEach(ReferencePipeline.java:596)
  org.springframework.boot.SpringApplication.callRunners(SpringApplication.java:772)
  org.springframework.boot.SpringApplication.run(SpringApplication.java:325)
  org.springframework.boot.SpringApplication.run(SpringApplication.java:1361)
  org.springframework.boot.SpringApplication.run(SpringApplication.java:1350)
  com.example.llama.LlamaApplication.main(LlamaApplication.java:12)
  java.base/jdk.internal.reflect.DirectMethodHandleAccessor.invoke(DirectMethodHandleAccessor.java:103)
  java.base/java.lang.reflect.Method.invoke(Method.java:580)
  org.springframework.boot.loader.launch.Launcher.launch(Launcher.java:102)
  org.springframework.boot.loader.launch.Launcher.launch(Launcher.java:64)
  org.springframework.boot.loader.launch.JarLauncher.main(JarLauncher.java:40)

2026-01-22T07:25:01.398Z  INFO 27001 --- [           main] c.e.l.i.io.FileSystemCodeWriter          : ğŸ’¾ Saved generated test to: /root/test-hae-llama/sample-projects/demo-app/src/test/java/com/example/demo/repository/UserRepositoryTest.java
2026-01-22T07:25:01.399Z  INFO 27001 --- [           main] c.e.l.i.e.GradleProcessTestRunner        : ğŸš€ Executing test: com.example.demo.repository.UserRepositoryTest in /root/test-hae-llama/sample-projects/demo-app
2026-01-22T07:25:04.990Z  INFO 27001 --- [           main] c.e.l.i.e.GradleProcessTestRunner        : Test execution finished. Success: false
2026-01-22T07:25:04.991Z  WARN 27001 --- [           main] c.e.l.interfaces.shell.GenerateCommand   : âŒ Test Verification Failed (Attempt 1/3). Initiating Repair...
2026-01-22T07:25:04.996Z  WARN 27001 --- [           main] c.e.l.interfaces.shell.GenerateCommand   : Error Sample: > Task :compileJava UP-TO-DATE
> Task :processResources NO-SOURCE
> Task :classes UP-TO-DATE

> Task :compileTestJava FAILED
2026-01-22T07:25:04.996Z  INFO 27001 --- [           main] c.e.l.a.o.AbstractPipelineOrchestrator   : ğŸš‘ [Phase 5] Auto-Repairing: UserRepository.java
2026-01-22T07:25:48.591Z  INFO 27001 --- [           main] c.e.l.i.io.FileSystemCodeWriter          : ğŸ’¾ Saved generated test to: /root/test-hae-llama/sample-projects/demo-app/src/test/java/com/example/demo/repository/UserRepositoryTest.java
2026-01-22T07:25:48.591Z  INFO 27001 --- [           main] c.e.l.i.e.GradleProcessTestRunner        : ğŸš€ Executing test: com.example.demo.repository.UserRepositoryTest in /root/test-hae-llama/sample-projects/demo-app
2026-01-22T07:25:52.179Z  INFO 27001 --- [           main] c.e.l.i.e.GradleProcessTestRunner        : Test execution finished. Success: false
2026-01-22T07:25:52.179Z  WARN 27001 --- [           main] c.e.l.interfaces.shell.GenerateCommand   : âŒ Test Verification Failed (Attempt 2/3). Initiating Repair...
2026-01-22T07:25:52.180Z  WARN 27001 --- [           main] c.e.l.interfaces.shell.GenerateCommand   : Error Sample: > Task :compileJava UP-TO-DATE
> Task :processResources NO-SOURCE
> Task :classes UP-TO-DATE

> Task :compileTestJava FAILED
2026-01-22T07:25:52.180Z  INFO 27001 --- [           main] c.e.l.a.o.AbstractPipelineOrchestrator   : ğŸš‘ [Phase 5] Auto-Repairing: UserRepository.java
2026-01-22T07:26:45.401Z  INFO 27001 --- [           main] c.e.l.i.io.FileSystemCodeWriter          : ğŸ’¾ Saved generated test to: /root/test-hae-llama/sample-projects/demo-app/src/test/java/com/example/demo/repository/UserRepositoryTest.java
2026-01-22T07:26:45.402Z  INFO 27001 --- [           main] c.e.l.i.e.GradleProcessTestRunner        : ğŸš€ Executing test: com.example.demo.repository.UserRepositoryTest in /root/test-hae-llama/sample-projects/demo-app
2026-01-22T07:26:48.693Z  INFO 27001 --- [           main] c.e.l.i.e.GradleProcessTestRunner        : Test execution finished. Success: false
2026-01-22T07:26:48.693Z  WARN 27001 --- [           main] c.e.l.interfaces.shell.GenerateCommand   : âŒ Test Verification Failed (Attempt 3/3). Initiating Repair...
2026-01-22T07:26:48.694Z  WARN 27001 --- [           main] c.e.l.interfaces.shell.GenerateCommand   : Error Sample: > Task :compileJava UP-TO-DATE
> Task :processResources NO-SOURCE
> Task :classes UP-TO-DATE

> Task :compileTestJava FAILED
2026-01-22T07:26:48.694Z  INFO 27001 --- [           main] c.e.l.a.o.AbstractPipelineOrchestrator   : ğŸš‘ [Phase 5] Auto-Repairing: UserRepository.java
2026-01-22T07:27:36.150Z  INFO 27001 --- [           main] c.e.l.i.io.FileSystemCodeWriter          : ğŸ’¾ Saved generated test to: /root/test-hae-llama/sample-projects/demo-app/src/test/java/com/example/demo/repository/UserRepositoryTest.java
2026-01-22T07:27:36.150Z  INFO 27001 --- [           main] c.e.l.interfaces.shell.GenerateCommand   : ğŸ Test generation process complete for UserRepository.java
