
  .   ____          _            __ _ _
 /\\ / ___'_ __ _ _(_)_ __  __ _ \ \ \ \
( ( )\___ | '_ | '_| | '_ \/ _` | \ \ \ \
 \\/  ___)| |_)| | | | | || (_| |  ) ) ) )
  '  |____| .__|_| |_|_| |_\__, | / / / /
 =========|_|==============|___/=/_/_/_/

 :: Spring Boot ::                (v3.4.1)

2026-01-22T08:15:04.667Z  INFO 19759 --- [           main] com.example.llama.LlamaApplication       : Starting LlamaApplication v0.0.1-SNAPSHOT using Java 21.0.9 with PID 19759 (/root/test-hae-llama/common/build/libs/common-0.0.1-SNAPSHOT-boot.jar started by root in /root/test-hae-llama)
2026-01-22T08:15:04.671Z  INFO 19759 --- [           main] com.example.llama.LlamaApplication       : No active profile set, falling back to 1 default profile: "default"
2026-01-22T08:15:06.054Z  INFO 19759 --- [           main] c.e.l.i.io.InteractionLogger             : ğŸ“ Interaction Log started: /root/test-hae-llama/.test-hea-llama/logs/llama_interaction_20260122_081506.log
2026-01-22T08:15:06.402Z  WARN 19759 --- [           main] org.jline                                : Unable to create a system terminal, creating a dumb terminal (enable debug logging for more information)
2026-01-22T08:15:06.723Z  INFO 19759 --- [           main] com.example.llama.LlamaApplication       : Started LlamaApplication in 2.939 seconds (process running for 3.836)
2026-01-22T08:15:06.951Z  INFO 19759 --- [           main] c.e.l.a.o.AbstractPipelineOrchestrator   : ğŸ¼ Orchestrator [ServiceOrchestrator] conducting: UserService.java
2026-01-22T08:15:06.951Z  INFO 19759 --- [           main] c.e.l.a.o.AbstractPipelineOrchestrator   : ğŸ” [Phase 1] Analyzing Source Code Metadata...
2026-01-22T08:15:07.158Z  INFO 19759 --- [           main] c.e.l.i.a.SimpleDependencyAnalyzer       : ğŸ“Š Analyzing dependencies for project at: /root/test-hae-llama/sample-projects/demo-app
2026-01-22T08:15:07.158Z  INFO 19759 --- [           main] c.e.l.i.a.SimpleDependencyAnalyzer       : ğŸ˜ Gradle project detected. Using gradlew at: /root/test-hae-llama/sample-projects/demo-app/gradlew
2026-01-22T08:15:09.290Z  INFO 19759 --- [           main] c.e.l.a.o.AbstractPipelineOrchestrator   : ğŸ—ï¸ [Phase 2] Generating Global Test Setup...
2026-01-22T08:15:09.318Z  INFO 19759 --- [           main] c.e.l.domain.service.BureaucraticAgent   : [Agent: CODER] Acting on instruction (XML Prompt)...

============================== [AUDIT LOG: CODER] ==============================
[MISSION]
PROMPT
[RESPONSE]
<prompt>
<system_instructions>
<persona>
      <role>CODER Specialist</role>
      <domain>SERVICE</domain>
      <mission><![CDATA[
  Execute specialized technical duties with artisan-level precision.
      SPECIALIZED MISSION: MISSION: Write final JUnit 5 test code.
      TECHNICAL RULES:
      1. Use @ExtendWith(MockitoExtension.class).
      2. MOCKITO MATCHERS: Never mix matchers (any(), eq()) with raw values.
      3. CRITICAL: Response MUST use strict XML format: <response><status>...</st...(truncated)
================================================================================

2026-01-22T08:15:09.322Z  INFO 19759 --- [           main] c.e.l.i.llm.GeminiLlmClient              : ======================================== [EXECUTING GEMINI CLI] ========================================
2026-01-22T08:15:09.322Z  INFO 19759 --- [           main] c.e.l.i.llm.GeminiLlmClient              : TOTAL PROMPT SIZE: 6987 chars
2026-01-22T08:15:09.322Z  INFO 19759 --- [           main] c.e.l.i.llm.GeminiLlmClient              : ====================================================================================================
2026-01-22T08:15:09.323Z  INFO 19759 --- [           main] c.e.l.i.llm.GeminiLlmClient              : ğŸ’¾ Saved debug prompt to: /root/test-hae-llama/debug_gemini_prompt.xml

============================== [AUDIT LOG: CODER] ==============================
[MISSION]
RESPONSE
[RESPONSE]
Loaded cached credentials.
Loading extension: conductor
Loading extension: exa-mcp-server
Server 'exa' supports tool updates. Listening for changes...
Server 'exa' supports resource updates. Listening for changes...
(node:19889) MaxListenersExceededWarning: Possible EventTarget memory leak detected. 11 abort listeners added to [AbortSignal]. MaxListeners is 10. Use events.setMaxListeners() to increase limit
(Use `node --trace-warnings ...` to show where the warning was created)
<response>
  <sta...(truncated)
================================================================================

2026-01-22T08:15:45.982Z  INFO 19759 --- [           main] c.e.l.a.o.AbstractPipelineOrchestrator   : --> Setup Complete:
Loaded cached credentials.
Loading extension: conductor
Loading extension: exa-mcp-server
Server 'exa' supports tool updates. Listening for changes...
Server 'exa' supports resource updates. Listening for changes...
(node:19889) MaxListenersExceededWarning: Possible EventTarget memory leak detected. 11 abort listeners added to [AbortSignal]. MaxListeners is 10. Use events.setMaxListeners() to increase limit
(Use `node --trace-warnings ...` to show where the warning was created)
<response>
  <status>SUCCESS</status>
  <thought>
    UserServiceì˜ ë¹„ì¦ˆë‹ˆìŠ¤ ë¡œì§ì„ ê²€ì¦í•˜ê¸° ìœ„í•œ JUnit 5 í…ŒìŠ¤íŠ¸ í´ë˜ìŠ¤ ìŠ¤ì¼ˆë ˆí†¤ì„ ìƒì„±í•©ë‹ˆë‹¤.
    MockitoExtensionì„ ì‚¬ìš©í•˜ì—¬ Mock ê°ì²´ë¥¼ ì£¼ì…í•˜ê³ , BDD ìŠ¤íƒ€ì¼ì˜ @Nested êµ¬ì¡°ë¥¼ ì ìš©í•©ë‹ˆë‹¤.
    @BeforeEachë¥¼ í†µí•´ í…ŒìŠ¤íŠ¸ì— ê³µí†µì ìœ¼ë¡œ ì‚¬ìš©ë  ê°€ìƒ ë°ì´í„°ë¥¼ ì´ˆê¸°í™”í•˜ëŠ” êµ¬ì¡°ë¥¼ ì„¤ê³„í•©ë‹ˆë‹¤.
  </thought>
  <code>
    <![CDATA[
package com.example.demo.service;

import com.example.demo.event.UserCreatedEvent;
import com.example.demo.model.User;
import com.example.demo.repository.UserRepository;
import org.junit.jupiter.api.BeforeEach;
import org.junit.jupiter.api.DisplayName;
import org.junit.jupiter.api.Nested;
import org.junit.jupiter.api.extension.ExtendWith;
import org.mockito.InjectMocks;
import org.mockito.Mock;
import org.mockito.junit.jupiter.MockitoExtension;
import org.springframework.context.ApplicationEventPublisher;

import static org.assertj.core.api.Assertions.assertThat;
import static org.mockito.BDDMockito.given;

/**
 * UserServiceì˜ ìˆœìˆ˜ ë¹„ì¦ˆë‹ˆìŠ¤ ë¡œì§ì„ ê²€ì¦í•˜ëŠ” ë‹¨ìœ„ í…ŒìŠ¤íŠ¸ í´ë˜ìŠ¤ì…ë‹ˆë‹¤.
 */
@ExtendWith(MockitoExtension.class)
@DisplayName("UserService ë‹¨ìœ„ í…ŒìŠ¤íŠ¸")
class UserServiceTest {

    @InjectMocks
    private UserService userService;

    @Mock
    private UserRepository userRepository;

    @Mock
    private ApplicationEventPublisher eventPublisher;

    private String name;
    private String email;

    @BeforeEach
    void setUp() {
        // given: í…ŒìŠ¤íŠ¸ì— ê³µí†µì ìœ¼ë¡œ ì‚¬ìš©ë  ì‚¬ìš©ì ê¸°ë³¸ ì •ë³´ë¥¼ ì„¤ì •í•©ë‹ˆë‹¤.
        name = "í…ŒìŠ¤íŠ¸ ìœ ì €";
        email = "test@example.com";
    }

    @Nested
    @DisplayName("findAllUsers ë©”ì„œë“œëŠ”")
    class Describe_findAllUsers {

        @Nested
        @DisplayName("ì‚¬ìš©ì ëª©ë¡ ì¡°íšŒë¥¼ ìš”ì²­í•˜ë©´")
        class Context_when_requested {
            // TODO: ì „ì²´ ì‚¬ìš©ì ë¦¬ìŠ¤íŠ¸ ë°˜í™˜ ë¡œì§ ê²€ì¦ êµ¬í˜„ ì˜ˆì •
        }
    }

    @Nested
    @DisplayName("createUser ë©”ì„œë“œëŠ”")
    class Describe_createUser {

        @Nested
        @DisplayName("ìœ íš¨í•œ ì´ë¦„ê³¼ ì´ë©”ì¼ì´ ì£¼ì–´ì§€ë©´")
        class Context_with_valid_name_and_email {
            // TODO: ì‚¬ìš©ì ìƒì„± ì„±ê³µ ë° ì´ë²¤íŠ¸ ë°œí–‰ ê²€ì¦ êµ¬í˜„ ì˜ˆì •
        }

        @Nested
        @DisplayName("ì´ë¯¸ ì¡´ì¬í•˜ëŠ” ì´ë©”ì¼ì´ ì£¼ì–´ì§€ë©´")
        class Context_with_duplicate_email {
            // TODO: ì˜ˆì™¸ ë°œìƒ ì—¬ë¶€ ê²€ì¦ êµ¬í˜„ ì˜ˆì •
        }
    }
}
    ]]>
  </code>
</response>

2026-01-22T08:15:45.983Z  INFO 19759 --- [           main] c.e.l.a.o.AbstractPipelineOrchestrator   : ğŸ”„ [Phase 3] Iterating Methods...
2026-01-22T08:15:45.983Z  INFO 19759 --- [           main] c.e.l.a.o.AbstractPipelineOrchestrator   :    -> Generating tests for method: [findAllUsers]
2026-01-22T08:15:45.999Z  INFO 19759 --- [           main] c.e.l.a.o.AbstractPipelineOrchestrator   :       Extracted Source Size: 73 characters
2026-01-22T08:15:45.999Z  INFO 19759 --- [           main] c.e.l.domain.service.BureaucraticAgent   : [Agent: CODER] Acting on instruction (XML Prompt)...

============================== [AUDIT LOG: CODER] ==============================
[MISSION]
PROMPT
[RESPONSE]
<prompt>
<system_instructions>
<persona>
      <role>CODER Specialist</role>
      <domain>SERVICE</domain>
      <mission><![CDATA[
  Execute specialized technical duties with artisan-level precision.
      SPECIALIZED MISSION: MISSION: Write final JUnit 5 test code.
      TECHNICAL RULES:
      1. Use @ExtendWith(MockitoExtension.class).
      2. MOCKITO MATCHERS: Never mix matchers (any(), eq()) with raw values.
      3. CRITICAL: Response MUST use strict XML format: <response><status>...</st...(truncated)
================================================================================

2026-01-22T08:15:46.001Z  INFO 19759 --- [           main] c.e.l.i.llm.GeminiLlmClient              : ======================================== [EXECUTING GEMINI CLI] ========================================
2026-01-22T08:15:46.001Z  INFO 19759 --- [           main] c.e.l.i.llm.GeminiLlmClient              : TOTAL PROMPT SIZE: 7265 chars
2026-01-22T08:15:46.001Z  INFO 19759 --- [           main] c.e.l.i.llm.GeminiLlmClient              : ====================================================================================================
2026-01-22T08:15:46.002Z  INFO 19759 --- [           main] c.e.l.i.llm.GeminiLlmClient              : ğŸ’¾ Saved debug prompt to: /root/test-hae-llama/debug_gemini_prompt.xml

============================== [AUDIT LOG: CODER] ==============================
[MISSION]
RESPONSE
[RESPONSE]
Loaded cached credentials.
Loading extension: conductor
Loading extension: exa-mcp-server
Server 'exa' supports tool updates. Listening for changes...
Server 'exa' supports resource updates. Listening for changes...
(node:20626) MaxListenersExceededWarning: Possible EventTarget memory leak detected. 11 abort listeners added to [AbortSignal]. MaxListeners is 10. Use events.setMaxListeners() to increase limit
(Use `node --trace-warnings ...` to show where the warning was created)
<response>
<statu...(truncated)
================================================================================

2026-01-22T08:16:55.477Z  INFO 19759 --- [           main] c.e.l.a.o.AbstractPipelineOrchestrator   :    -> Generating tests for method: [createUser]
2026-01-22T08:16:55.486Z  INFO 19759 --- [           main] c.e.l.a.o.AbstractPipelineOrchestrator   :       Extracted Source Size: 806 characters
2026-01-22T08:16:55.486Z  INFO 19759 --- [           main] c.e.l.domain.service.BureaucraticAgent   : [Agent: CODER] Acting on instruction (XML Prompt)...

============================== [AUDIT LOG: CODER] ==============================
[MISSION]
PROMPT
[RESPONSE]
<prompt>
<system_instructions>
<persona>
      <role>CODER Specialist</role>
      <domain>SERVICE</domain>
      <mission><![CDATA[
  Execute specialized technical duties with artisan-level precision.
      SPECIALIZED MISSION: MISSION: Write final JUnit 5 test code.
      TECHNICAL RULES:
      1. Use @ExtendWith(MockitoExtension.class).
      2. MOCKITO MATCHERS: Never mix matchers (any(), eq()) with raw values.
      3. CRITICAL: Response MUST use strict XML format: <response><status>...</st...(truncated)
================================================================================

2026-01-22T08:16:55.488Z  INFO 19759 --- [           main] c.e.l.i.llm.GeminiLlmClient              : ======================================== [EXECUTING GEMINI CLI] ========================================
2026-01-22T08:16:55.488Z  INFO 19759 --- [           main] c.e.l.i.llm.GeminiLlmClient              : TOTAL PROMPT SIZE: 8154 chars
2026-01-22T08:16:55.488Z  INFO 19759 --- [           main] c.e.l.i.llm.GeminiLlmClient              : ====================================================================================================
2026-01-22T08:16:55.489Z  INFO 19759 --- [           main] c.e.l.i.llm.GeminiLlmClient              : ğŸ’¾ Saved debug prompt to: /root/test-hae-llama/debug_gemini_prompt.xml

============================== [AUDIT LOG: CODER] ==============================
[MISSION]
RESPONSE
[RESPONSE]
Loaded cached credentials.
Loading extension: conductor
Loading extension: exa-mcp-server
Server 'exa' supports tool updates. Listening for changes...
Server 'exa' supports resource updates. Listening for changes...
(node:20981) MaxListenersExceededWarning: Possible EventTarget memory leak detected. 11 abort listeners added to [AbortSignal]. MaxListeners is 10. Use events.setMaxListeners() to increase limit
(Use `node --trace-warnings ...` to show where the warning was created)
<response>
  <sta...(truncated)
================================================================================

2026-01-22T08:17:31.318Z  INFO 19759 --- [           main] c.e.l.a.o.AbstractPipelineOrchestrator   : ğŸ§© [Phase 4] Assembling Code...
2026-01-22T08:17:31.322Z ERROR 19759 --- [           main] c.e.l.a.o.AbstractPipelineOrchestrator   : JavaParser merge failed, falling back to naive merge: Lexical error at line 4, column 10.  Encountered: "x" (120), after : "\'e"
Problem stacktrace : 
  com.github.javaparser.GeneratedJavaParserTokenManager.getNextToken(GeneratedJavaParserTokenManager.java:3132)
  com.github.javaparser.GeneratedJavaParser.getNextToken(GeneratedJavaParser.java:14365)
  com.github.javaparser.GeneratedJavaParserBase.recover(GeneratedJavaParserBase.java:196)
  com.github.javaparser.GeneratedJavaParser.CompilationUnit(GeneratedJavaParser.java:213)
  com.github.javaparser.JavaParser.parse(JavaParser.java:125)
  com.github.javaparser.JavaParser.parse(JavaParser.java:297)
  com.github.javaparser.JavaParserAdapter.parse(JavaParserAdapter.java:104)
  com.github.javaparser.StaticJavaParser.parse(StaticJavaParser.java:257)
  com.example.llama.application.orchestrator.AbstractPipelineOrchestrator.mergeSetupAndTests(AbstractPipelineOrchestrator.java:179)
  com.example.llama.application.orchestrator.AbstractPipelineOrchestrator.orchestrate(AbstractPipelineOrchestrator.java:137)
  com.example.llama.application.BureaucracyOrchestrator.orchestrate(BureaucracyOrchestrator.java:36)
  com.example.llama.interfaces.shell.GenerateCommand.generate(GenerateCommand.java:53)
  java.base/jdk.internal.reflect.DirectMethodHandleAccessor.invoke(DirectMethodHandleAccessor.java:103)
  java.base/java.lang.reflect.Method.invoke(Method.java:580)
  org.springframework.shell.command.invocation.InvocableShellMethod.doInvoke(InvocableShellMethod.java:306)
  org.springframework.shell.command.invocation.InvocableShellMethod.invoke(InvocableShellMethod.java:232)
  org.springframework.shell.command.CommandExecution$DefaultCommandExecution.evaluate(CommandExecution.java:227)
  org.springframework.shell.Shell.evaluate(Shell.java:248)
  org.springframework.shell.Shell.run(Shell.java:159)
  org.springframework.shell.jline.NonInteractiveShellRunner.run(NonInteractiveShellRunner.java:146)
  org.springframework.shell.DefaultShellApplicationRunner.run(DefaultShellApplicationRunner.java:65)
  org.springframework.boot.SpringApplication.lambda$callRunner$4(SpringApplication.java:784)
  org.springframework.util.function.ThrowingConsumer$1.acceptWithException(ThrowingConsumer.java:82)
  org.springframework.util.function.ThrowingConsumer.accept(ThrowingConsumer.java:60)
  org.springframework.util.function.ThrowingConsumer$1.accept(ThrowingConsumer.java:86)
  org.springframework.boot.SpringApplication.callRunner(SpringApplication.java:796)
  org.springframework.boot.SpringApplication.callRunner(SpringApplication.java:784)
  org.springframework.boot.SpringApplication.lambda$callRunners$3(SpringApplication.java:772)
  java.base/java.util.stream.ForEachOps$ForEachOp$OfRef.accept(ForEachOps.java:184)
  java.base/java.util.stream.SortedOps$SizedRefSortingSink.end(SortedOps.java:357)
  java.base/java.util.stream.AbstractPipeline.copyInto(AbstractPipeline.java:510)
  java.base/java.util.stream.AbstractPipeline.wrapAndCopyInto(AbstractPipeline.java:499)
  java.base/java.util.stream.ForEachOps$ForEachOp.evaluateSequential(ForEachOps.java:151)
  java.base/java.util.stream.ForEachOps$ForEachOp$OfRef.evaluateSequential(ForEachOps.java:174)
  java.base/java.util.stream.AbstractPipeline.evaluate(AbstractPipeline.java:234)
  java.base/java.util.stream.ReferencePipeline.forEach(ReferencePipeline.java:596)
  org.springframework.boot.SpringApplication.callRunners(SpringApplication.java:772)
  org.springframework.boot.SpringApplication.run(SpringApplication.java:325)
  org.springframework.boot.SpringApplication.run(SpringApplication.java:1361)
  org.springframework.boot.SpringApplication.run(SpringApplication.java:1350)
  com.example.llama.LlamaApplication.main(LlamaApplication.java:12)
  java.base/jdk.internal.reflect.DirectMethodHandleAccessor.invoke(DirectMethodHandleAccessor.java:103)
  java.base/java.lang.reflect.Method.invoke(Method.java:580)
  org.springframework.boot.loader.launch.Launcher.launch(Launcher.java:102)
  org.springframework.boot.loader.launch.Launcher.launch(Launcher.java:64)
  org.springframework.boot.loader.launch.JarLauncher.main(JarLauncher.java:40)

2026-01-22T08:17:31.356Z  INFO 19759 --- [           main] c.e.l.i.io.FileSystemCodeWriter          : ğŸ’¾ Saved generated test to: /root/test-hae-llama/sample-projects/demo-app/src/test/java/com/example/demo/service/UserServiceTest.java
2026-01-22T08:17:31.357Z  INFO 19759 --- [           main] c.e.l.i.e.GradleProcessTestRunner        : ğŸš€ Executing test: com.example.demo.service.UserServiceTest in /root/test-hae-llama/sample-projects/demo-app
2026-01-22T08:17:41.376Z  INFO 19759 --- [           main] c.e.l.i.e.GradleProcessTestRunner        : Test execution finished. Success: false
2026-01-22T08:17:41.377Z  WARN 19759 --- [           main] c.e.l.interfaces.shell.GenerateCommand   : âŒ Test Verification Failed (Attempt 1/3). Initiating Repair...
2026-01-22T08:17:41.382Z  WARN 19759 --- [           main] c.e.l.interfaces.shell.GenerateCommand   : Error Sample: > Task :compileJava UP-TO-DATE
> Task :processResources NO-SOURCE
> Task :classes UP-TO-DATE

> Task :compileTestJava FAILED
2026-01-22T08:17:41.382Z  INFO 19759 --- [           main] c.e.l.a.o.AbstractPipelineOrchestrator   : ğŸš‘ [Phase 5] Auto-Repairing: UserService.java
2026-01-22T08:18:27.828Z  INFO 19759 --- [           main] c.e.l.i.io.FileSystemCodeWriter          : ğŸ’¾ Saved generated test to: /root/test-hae-llama/sample-projects/demo-app/src/test/java/com/example/demo/service/UserServiceTest.java
2026-01-22T08:18:27.829Z  INFO 19759 --- [           main] c.e.l.i.e.GradleProcessTestRunner        : ğŸš€ Executing test: com.example.demo.service.UserServiceTest in /root/test-hae-llama/sample-projects/demo-app
2026-01-22T08:18:38.874Z  INFO 19759 --- [           main] c.e.l.i.e.GradleProcessTestRunner        : Test execution finished. Success: false
2026-01-22T08:18:38.875Z  WARN 19759 --- [           main] c.e.l.interfaces.shell.GenerateCommand   : âŒ Test Verification Failed (Attempt 2/3). Initiating Repair...
2026-01-22T08:18:38.876Z  WARN 19759 --- [           main] c.e.l.interfaces.shell.GenerateCommand   : Error Sample: > Task :compileJava UP-TO-DATE
> Task :processResources NO-SOURCE
> Task :classes UP-TO-DATE

> Task :compileTestJava FAILED
2026-01-22T08:18:38.876Z  INFO 19759 --- [           main] c.e.l.a.o.AbstractPipelineOrchestrator   : ğŸš‘ [Phase 5] Auto-Repairing: UserService.java
2026-01-22T08:19:08.126Z  INFO 19759 --- [           main] c.e.l.i.io.FileSystemCodeWriter          : ğŸ’¾ Saved generated test to: /root/test-hae-llama/sample-projects/demo-app/src/test/java/com/example/demo/service/UserServiceTest.java
2026-01-22T08:19:08.126Z  INFO 19759 --- [           main] c.e.l.i.e.GradleProcessTestRunner        : ğŸš€ Executing test: com.example.demo.service.UserServiceTest in /root/test-hae-llama/sample-projects/demo-app
2026-01-22T08:19:10.542Z  INFO 19759 --- [           main] c.e.l.i.e.GradleProcessTestRunner        : Test execution finished. Success: false
2026-01-22T08:19:10.542Z  WARN 19759 --- [           main] c.e.l.interfaces.shell.GenerateCommand   : âŒ Test Verification Failed (Attempt 3/3). Initiating Repair...
2026-01-22T08:19:10.542Z  WARN 19759 --- [           main] c.e.l.interfaces.shell.GenerateCommand   : Error Sample: > Task :compileJava UP-TO-DATE
> Task :processResources NO-SOURCE
> Task :classes UP-TO-DATE

> Task :compileTestJava FAILED
2026-01-22T08:19:10.542Z  INFO 19759 --- [           main] c.e.l.a.o.AbstractPipelineOrchestrator   : ğŸš‘ [Phase 5] Auto-Repairing: UserService.java
2026-01-22T08:19:28.776Z  INFO 19759 --- [           main] c.e.l.i.io.FileSystemCodeWriter          : ğŸ’¾ Saved generated test to: /root/test-hae-llama/sample-projects/demo-app/src/test/java/com/example/demo/service/UserServiceTest.java
2026-01-22T08:19:28.776Z  INFO 19759 --- [           main] c.e.l.interfaces.shell.GenerateCommand   : ğŸ Test generation process complete for UserService.java
